#
# There is insufficient memory for the Java Runtime Environment to continue.
# Native memory allocation (malloc) failed to allocate 32744 bytes for ChunkPool::allocate
# Possible reasons:
#   The system is out of physical RAM or swap space
#   The process is running with CompressedOops enabled, and the Java Heap may be blocking the growth of the native heap
# Possible solutions:
#   Reduce memory load on the system
#   Increase physical memory or swap space
#   Check if swap backing store is full
#   Decrease Java heap size (-Xmx/-Xms)
#   Decrease number of Java threads
#   Decrease Java thread stack sizes (-Xss)
#   Set larger code cache with -XX:ReservedCodeCacheSize=
#   JVM is running with Unscaled Compressed Oops mode in which the Java heap is
#     placed in the first 4GB address space. The Java Heap base address is the
#     maximum limit for the native heap growth. Please use -XX:HeapBaseMinAddress
#     to set the Java Heap base and to place the Java Heap above 4GB virtual address.
# This output file may be truncated or incomplete.
#
#  Out of Memory Error (arena.cpp:79), pid=15316, tid=712
#
# JRE version: OpenJDK Runtime Environment (17.0.9) (build 17.0.9+0--11185874)
# Java VM: OpenJDK 64-Bit Server VM (17.0.9+0--11185874, mixed mode, tiered, compressed oops, compressed class ptrs, g1 gc, windows-amd64)
# No core dump will be written. Minidumps are not enabled by default on client versions of Windows
#

---------------  S U M M A R Y ------------

Command Line: --add-opens=java.base/java.util=ALL-UNNAMED --add-opens=java.base/java.lang=ALL-UNNAMED --add-opens=java.base/java.lang.invoke=ALL-UNNAMED --add-opens=java.prefs/java.util.prefs=ALL-UNNAMED --add-opens=java.base/java.nio.charset=ALL-UNNAMED --add-opens=java.base/java.net=ALL-UNNAMED --add-opens=java.base/java.util.concurrent.atomic=ALL-UNNAMED -Xmx2048m -Dfile.encoding=UTF-8 -Duser.country=US -Duser.language=en -Duser.variant -javaagent:C:\Users\HP\.gradle\wrapper\dists\gradle-8.4-bin\1w5dpkrfk8irigvoxmyhowfim\gradle-8.4\lib\agents\gradle-instrumentation-agent-8.4.jar org.gradle.launcher.daemon.bootstrap.GradleDaemon 8.4

Host: Intel(R) Core(TM) i5-6200U CPU @ 2.30GHz, 4 cores, 7G,  Windows 10 , 64 bit Build 19041 (10.0.19041.5072)
Time: Fri Dec  6 15:47:38 2024 SE Asia Standard Time elapsed time: 122.981757 seconds (0d 0h 2m 2s)

---------------  T H R E A D  ---------------

Current thread (0x000002113cb7e970):  JavaThread "C2 CompilerThread0" daemon [_thread_in_native, id=712, stack(0x000000d528b00000,0x000000d528c00000)]


Current CompileTask:
C2: 122981 9212   !   4       org.jetbrains.kotlin.metadata.ProtoBuf$Function::<init> (1410 bytes)

Stack: [0x000000d528b00000,0x000000d528c00000]
Native frames: (J=compiled Java code, j=interpreted, Vv=VM code, C=native code)
V  [jvm.dll+0x6886e9]
V  [jvm.dll+0x841e4a]
V  [jvm.dll+0x843a8e]
V  [jvm.dll+0x8440f3]
V  [jvm.dll+0x24c14f]
V  [jvm.dll+0xac66c]
V  [jvm.dll+0xaca9c]
V  [jvm.dll+0x3714f2]
V  [jvm.dll+0x5720a6]
V  [jvm.dll+0x336549]
V  [jvm.dll+0x3359ba]
V  [jvm.dll+0x21ddb1]
V  [jvm.dll+0x21d1d1]
V  [jvm.dll+0x1a674d]
V  [jvm.dll+0x22d088]
V  [jvm.dll+0x22b1c0]
V  [jvm.dll+0x7f62f7]
V  [jvm.dll+0x7f06aa]
V  [jvm.dll+0x687565]
C  [ucrtbase.dll+0x21bb2]
C  [KERNEL32.DLL+0x17374]
C  [ntdll.dll+0x4cc91]


---------------  P R O C E S S  ---------------

Threads class SMR info:
_java_thread_list=0x0000021145905b30, length=43, elements={
0x000002112355ed40, 0x000002113cb79620, 0x00000211410007c0, 0x000002113cb65700,
0x000002113cb7cf10, 0x000002113cb7d3f0, 0x000002113cb7dcc0, 0x000002113cb7e970,
0x00000211410300e0, 0x00000211410429e0, 0x000002114112b220, 0x00000211412fe480,
0x00000211428c8720, 0x0000021141d9da40, 0x0000021142bce900, 0x0000021142125c50,
0x000002114318ba70, 0x0000021141d08f70, 0x0000021141d05cd0, 0x0000021141d057c0,
0x0000021141d06c00, 0x0000021141d07110, 0x0000021141d061e0, 0x0000021141d07620,
0x0000021141d07b30, 0x0000021141d08550, 0x0000021141d066f0, 0x00000211421298b0,
0x000002114212a2d0, 0x0000021142128980, 0x000002114212c130, 0x000002114212cb50,
0x000002114212acf0, 0x000002114212b200, 0x000002114212b710, 0x000002114212d570,
0x000002114212bc20, 0x0000021142127a50, 0x0000021142129dc0, 0x000002114212d060,
0x0000021142127f60, 0x000002114212a7e0, 0x000002114212da80
}

Java Threads: ( => current thread )
  0x000002112355ed40 JavaThread "main" [_thread_blocked, id=12732, stack(0x000000d527e00000,0x000000d527f00000)]
  0x000002113cb79620 JavaThread "Reference Handler" daemon [_thread_blocked, id=14596, stack(0x000000d528500000,0x000000d528600000)]
  0x00000211410007c0 JavaThread "Finalizer" daemon [_thread_blocked, id=14156, stack(0x000000d528600000,0x000000d528700000)]
  0x000002113cb65700 JavaThread "Signal Dispatcher" daemon [_thread_blocked, id=10296, stack(0x000000d528700000,0x000000d528800000)]
  0x000002113cb7cf10 JavaThread "Attach Listener" daemon [_thread_blocked, id=13144, stack(0x000000d528800000,0x000000d528900000)]
  0x000002113cb7d3f0 JavaThread "Service Thread" daemon [_thread_blocked, id=8788, stack(0x000000d528900000,0x000000d528a00000)]
  0x000002113cb7dcc0 JavaThread "Monitor Deflation Thread" daemon [_thread_blocked, id=7060, stack(0x000000d528a00000,0x000000d528b00000)]
=>0x000002113cb7e970 JavaThread "C2 CompilerThread0" daemon [_thread_in_native, id=712, stack(0x000000d528b00000,0x000000d528c00000)]
  0x00000211410300e0 JavaThread "C1 CompilerThread0" daemon [_thread_blocked, id=11116, stack(0x000000d528c00000,0x000000d528d00000)]
  0x00000211410429e0 JavaThread "Sweeper thread" daemon [_thread_blocked, id=14140, stack(0x000000d528d00000,0x000000d528e00000)]
  0x000002114112b220 JavaThread "Common-Cleaner" daemon [_thread_blocked, id=14652, stack(0x000000d528e00000,0x000000d528f00000)]
  0x00000211412fe480 JavaThread "Notification Thread" daemon [_thread_blocked, id=9376, stack(0x000000d528f00000,0x000000d529000000)]
  0x00000211428c8720 JavaThread "Daemon health stats" [_thread_blocked, id=10948, stack(0x000000d529400000,0x000000d529500000)]
  0x0000021141d9da40 JavaThread "Incoming local TCP Connector on port 56237" [_thread_in_native, id=11884, stack(0x000000d529500000,0x000000d529600000)]
  0x0000021142bce900 JavaThread "Daemon periodic checks" [_thread_blocked, id=2320, stack(0x000000d529600000,0x000000d529700000)]
  0x0000021142125c50 JavaThread "Daemon" [_thread_blocked, id=4280, stack(0x000000d529700000,0x000000d529800000)]
  0x000002114318ba70 JavaThread "Handler for socket connection from /127.0.0.1:56237 to /127.0.0.1:56238" [_thread_in_native, id=13376, stack(0x000000d529800000,0x000000d529900000)]
  0x0000021141d08f70 JavaThread "Cancel handler" [_thread_blocked, id=14708, stack(0x000000d529900000,0x000000d529a00000)]
  0x0000021141d05cd0 JavaThread "Daemon worker" [_thread_in_native, id=11160, stack(0x000000d529a00000,0x000000d529b00000)]
  0x0000021141d057c0 JavaThread "Asynchronous log dispatcher for DefaultDaemonConnection: socket connection from /127.0.0.1:56237 to /127.0.0.1:56238" [_thread_blocked, id=4040, stack(0x000000d529b00000,0x000000d529c00000)]
  0x0000021141d06c00 JavaThread "Daemon client event forwarder" [_thread_blocked, id=12428, stack(0x000000d529d00000,0x000000d529e00000)]
  0x0000021141d07110 JavaThread "Cache worker for journal cache (C:\Users\HP\.gradle\caches\journal-1)" [_thread_blocked, id=10324, stack(0x000000d529e00000,0x000000d529f00000)]
  0x0000021141d061e0 JavaThread "File lock request listener" [_thread_in_native, id=10564, stack(0x000000d529f00000,0x000000d52a000000)]
  0x0000021141d07620 JavaThread "Cache worker for file hash cache (C:\Users\HP\.gradle\caches\8.4\fileHashes)" [_thread_blocked, id=5396, stack(0x000000d52a000000,0x000000d52a100000)]
  0x0000021141d07b30 JavaThread "File watcher server" daemon [_thread_in_native, id=13524, stack(0x000000d52a100000,0x000000d52a200000)]
  0x0000021141d08550 JavaThread "File watcher consumer" daemon [_thread_blocked, id=4200, stack(0x000000d52a200000,0x000000d52a300000)]
  0x0000021141d066f0 JavaThread "jar transforms" [_thread_blocked, id=13792, stack(0x000000d52a300000,0x000000d52a400000)]
  0x00000211421298b0 JavaThread "jar transforms Thread 2" [_thread_blocked, id=9352, stack(0x000000d52a400000,0x000000d52a500000)]
  0x000002114212a2d0 JavaThread "jar transforms Thread 3" [_thread_blocked, id=9548, stack(0x000000d52a500000,0x000000d52a600000)]
  0x0000021142128980 JavaThread "jar transforms Thread 4" [_thread_blocked, id=1716, stack(0x000000d52a600000,0x000000d52a700000)]
  0x000002114212c130 JavaThread "Cache worker for checksums cache (C:\Users\HP\mangxahoi\SocialApp\.gradle\8.4\checksums)" [_thread_blocked, id=13708, stack(0x000000d52a700000,0x000000d52a800000)]
  0x000002114212cb50 JavaThread "Cache worker for file hash cache (C:\Users\HP\mangxahoi\SocialApp\.gradle\8.4\fileHashes)" [_thread_blocked, id=14964, stack(0x000000d52a800000,0x000000d52a900000)]
  0x000002114212acf0 JavaThread "Cache worker for cache directory md-supplier (C:\Users\HP\.gradle\caches\8.4\md-supplier)" [_thread_blocked, id=7700, stack(0x000000d52a900000,0x000000d52aa00000)]
  0x000002114212b200 JavaThread "Cache worker for file content cache (C:\Users\HP\.gradle\caches\8.4\fileContent)" [_thread_blocked, id=10796, stack(0x000000d52aa00000,0x000000d52ab00000)]
  0x000002114212b710 JavaThread "Cache worker for cache directory md-rule (C:\Users\HP\.gradle\caches\8.4\md-rule)" [_thread_blocked, id=4788, stack(0x000000d52ab00000,0x000000d52ac00000)]
  0x000002114212d570 JavaThread "Cache worker for execution history cache (C:\Users\HP\.gradle\caches\8.4\executionHistory)" [_thread_blocked, id=1852, stack(0x000000d52ac00000,0x000000d52ad00000)]
  0x000002114212bc20 JavaThread "Cache worker for kotlin-dsl (C:\Users\HP\.gradle\caches\8.4\kotlin-dsl)" [_thread_blocked, id=10588, stack(0x000000d52ad00000,0x000000d52ae00000)]
  0x0000021142127a50 JavaThread "Cache worker for dependencies-accessors (C:\Users\HP\mangxahoi\SocialApp\.gradle\8.4\dependencies-accessors)" [_thread_blocked, id=7784, stack(0x000000d52ae00000,0x000000d52af00000)]
  0x0000021142129dc0 JavaThread "Cache worker for Build Output Cleanup Cache (C:\Users\HP\mangxahoi\SocialApp\.gradle\buildOutputCleanup)" [_thread_blocked, id=10264, stack(0x000000d52af00000,0x000000d52b000000)]
  0x000002114212d060 JavaThread "Unconstrained build operations" [_thread_blocked, id=8412, stack(0x000000d52b000000,0x000000d52b100000)]
  0x0000021142127f60 JavaThread "Unconstrained build operations Thread 2" [_thread_blocked, id=13416, stack(0x000000d52b100000,0x000000d52b200000)]
  0x000002114212a7e0 JavaThread "Unconstrained build operations Thread 3" [_thread_blocked, id=12708, stack(0x000000d52b200000,0x000000d52b300000)]
  0x000002114212da80 JavaThread "File lock release action executor Thread 2" [_thread_blocked, id=15204, stack(0x000000d527c00000,0x000000d527d00000)]

Other Threads:
  0x000002113cb52890 VMThread "VM Thread" [stack: 0x000000d528400000,0x000000d528500000] [id=4508]
  0x0000021141260ce0 WatcherThread [stack: 0x000000d529000000,0x000000d529100000] [id=9220]
  0x00000211235bb280 GCTaskThread "GC Thread#0" [stack: 0x000000d527f00000,0x000000d528000000] [id=11680]
  0x00000211416871d0 GCTaskThread "GC Thread#1" [stack: 0x000000d529100000,0x000000d529200000] [id=12920]
  0x0000021141687490 GCTaskThread "GC Thread#2" [stack: 0x000000d529200000,0x000000d529300000] [id=1520]
  0x0000021141ed6040 GCTaskThread "GC Thread#3" [stack: 0x000000d529300000,0x000000d529400000] [id=5800]
  0x00000211235cc880 ConcurrentGCThread "G1 Main Marker" [stack: 0x000000d528000000,0x000000d528100000] [id=15176]
  0x00000211235cd1b0 ConcurrentGCThread "G1 Conc#0" [stack: 0x000000d528100000,0x000000d528200000] [id=11340]
  0x000002113c9a60d0 ConcurrentGCThread "G1 Refine#0" [stack: 0x000000d528200000,0x000000d528300000] [id=9488]
  0x00000211448ad690 ConcurrentGCThread "G1 Refine#1" [stack: 0x000000d527b00000,0x000000d527c00000] [id=10932]
  0x000002113c9a7a20 ConcurrentGCThread "G1 Service" [stack: 0x000000d528300000,0x000000d528400000] [id=6676]

Threads with active compile tasks:
C2 CompilerThread0   125821 9212   !   4       org.jetbrains.kotlin.metadata.ProtoBuf$Function::<init> (1410 bytes)

VM state: not at safepoint (normal execution)

VM Mutex/Monitor currently owned by a thread: None

Heap address: 0x0000000080000000, size: 2048 MB, Compressed Oops mode: 32-bit

CDS archive(s) not mapped
Compressed class space mapped at: 0x0000000100000000-0x0000000140000000, reserved size: 1073741824
Narrow klass base: 0x0000000000000000, Narrow klass shift: 3, Narrow klass range: 0x140000000

GC Precious Log:
 CPUs: 4 total, 4 available
 Memory: 8084M
 Large Page Support: Disabled
 NUMA Support: Disabled
 Compressed Oops: Enabled (32-bit)
 Heap Region Size: 1M
 Heap Min Capacity: 8M
 Heap Initial Capacity: 128M
 Heap Max Capacity: 2G
 Pre-touch: Disabled
 Parallel Workers: 4
 Concurrent Workers: 1
 Concurrent Refinement Workers: 4
 Periodic GC: Disabled

Heap:
 garbage-first heap   total 181248K, used 120703K [0x0000000080000000, 0x0000000100000000)
  region size 1024K, 14 young (14336K), 6 survivors (6144K)
 Metaspace       used 106635K, committed 107392K, reserved 1179648K
  class space    used 14168K, committed 14528K, reserved 1048576K

Heap Regions: E=young(eden), S=young(survivor), O=old, HS=humongous(starts), HC=humongous(continues), CS=collection set, F=free, OA=open archive, CA=closed archive, TAMS=top-at-mark-start (previous, next)
|   0|0x0000000080000000, 0x0000000080100000, 0x0000000080100000|100%| O|  |TAMS 0x0000000080100000, 0x0000000080000000| Untracked 
|   1|0x0000000080100000, 0x0000000080200000, 0x0000000080200000|100%| O|  |TAMS 0x0000000080200000, 0x0000000080100000| Untracked 
|   2|0x0000000080200000, 0x0000000080300000, 0x0000000080300000|100%|HS|  |TAMS 0x0000000080300000, 0x0000000080200000| Complete 
|   3|0x0000000080300000, 0x0000000080400000, 0x0000000080400000|100%|HC|  |TAMS 0x0000000080400000, 0x0000000080300000| Complete 
|   4|0x0000000080400000, 0x0000000080500000, 0x0000000080500000|100%|HC|  |TAMS 0x0000000080500000, 0x0000000080400000| Complete 
|   5|0x0000000080500000, 0x0000000080600000, 0x0000000080600000|100%|HC|  |TAMS 0x0000000080600000, 0x0000000080500000| Complete 
|   6|0x0000000080600000, 0x0000000080700000, 0x0000000080700000|100%| O|  |TAMS 0x0000000080700000, 0x0000000080600000| Untracked 
|   7|0x0000000080700000, 0x0000000080800000, 0x0000000080800000|100%| O|  |TAMS 0x0000000080800000, 0x0000000080700000| Untracked 
|   8|0x0000000080800000, 0x0000000080900000, 0x0000000080900000|100%| O|  |TAMS 0x0000000080900000, 0x0000000080800000| Untracked 
|   9|0x0000000080900000, 0x0000000080a00000, 0x0000000080a00000|100%| O|  |TAMS 0x0000000080a00000, 0x0000000080900000| Untracked 
|  10|0x0000000080a00000, 0x0000000080b00000, 0x0000000080b00000|100%| O|  |TAMS 0x0000000080b00000, 0x0000000080a00000| Untracked 
|  11|0x0000000080b00000, 0x0000000080c00000, 0x0000000080c00000|100%| O|  |TAMS 0x0000000080c00000, 0x0000000080b00000| Untracked 
|  12|0x0000000080c00000, 0x0000000080d00000, 0x0000000080d00000|100%| O|  |TAMS 0x0000000080d00000, 0x0000000080c00000| Untracked 
|  13|0x0000000080d00000, 0x0000000080e00000, 0x0000000080e00000|100%| O|  |TAMS 0x0000000080e00000, 0x0000000080d00000| Untracked 
|  14|0x0000000080e00000, 0x0000000080f00000, 0x0000000080f00000|100%| O|  |TAMS 0x0000000080f00000, 0x0000000080e00000| Untracked 
|  15|0x0000000080f00000, 0x0000000081000000, 0x0000000081000000|100%| O|  |TAMS 0x0000000081000000, 0x0000000080f00000| Untracked 
|  16|0x0000000081000000, 0x0000000081100000, 0x0000000081100000|100%| O|  |TAMS 0x0000000081100000, 0x0000000081000000| Untracked 
|  17|0x0000000081100000, 0x0000000081200000, 0x0000000081200000|100%| O|  |TAMS 0x0000000081200000, 0x0000000081100000| Untracked 
|  18|0x0000000081200000, 0x0000000081300000, 0x0000000081300000|100%| O|  |TAMS 0x0000000081300000, 0x0000000081200000| Untracked 
|  19|0x0000000081300000, 0x0000000081400000, 0x0000000081400000|100%| O|  |TAMS 0x0000000081400000, 0x0000000081300000| Untracked 
|  20|0x0000000081400000, 0x0000000081500000, 0x0000000081500000|100%| O|  |TAMS 0x0000000081500000, 0x0000000081400000| Untracked 
|  21|0x0000000081500000, 0x0000000081600000, 0x0000000081600000|100%|HS|  |TAMS 0x0000000081600000, 0x0000000081500000| Complete 
|  22|0x0000000081600000, 0x0000000081700000, 0x0000000081700000|100%|HC|  |TAMS 0x0000000081700000, 0x0000000081600000| Complete 
|  23|0x0000000081700000, 0x0000000081800000, 0x0000000081800000|100%|HS|  |TAMS 0x0000000081800000, 0x0000000081700000| Complete 
|  24|0x0000000081800000, 0x0000000081900000, 0x0000000081900000|100%|HC|  |TAMS 0x0000000081900000, 0x0000000081800000| Complete 
|  25|0x0000000081900000, 0x0000000081a00000, 0x0000000081a00000|100%|HC|  |TAMS 0x0000000081a00000, 0x0000000081900000| Complete 
|  26|0x0000000081a00000, 0x0000000081b00000, 0x0000000081b00000|100%|HS|  |TAMS 0x0000000081b00000, 0x0000000081a00000| Complete 
|  27|0x0000000081b00000, 0x0000000081c00000, 0x0000000081c00000|100%|HC|  |TAMS 0x0000000081c00000, 0x0000000081b00000| Complete 
|  28|0x0000000081c00000, 0x0000000081d00000, 0x0000000081d00000|100%|HC|  |TAMS 0x0000000081d00000, 0x0000000081c00000| Complete 
|  29|0x0000000081d00000, 0x0000000081e00000, 0x0000000081e00000|100%|HS|  |TAMS 0x0000000081e00000, 0x0000000081d00000| Complete 
|  30|0x0000000081e00000, 0x0000000081f00000, 0x0000000081f00000|100%|HC|  |TAMS 0x0000000081f00000, 0x0000000081e00000| Complete 
|  31|0x0000000081f00000, 0x0000000082000000, 0x0000000082000000|100%|HC|  |TAMS 0x0000000082000000, 0x0000000081f00000| Complete 
|  32|0x0000000082000000, 0x0000000082100000, 0x0000000082100000|100%| O|  |TAMS 0x0000000082100000, 0x0000000082000000| Untracked 
|  33|0x0000000082100000, 0x0000000082200000, 0x0000000082200000|100%| O|  |TAMS 0x0000000082200000, 0x0000000082100000| Untracked 
|  34|0x0000000082200000, 0x0000000082300000, 0x0000000082300000|100%| O|  |TAMS 0x0000000082300000, 0x0000000082200000| Untracked 
|  35|0x0000000082300000, 0x0000000082400000, 0x0000000082400000|100%| O|  |TAMS 0x0000000082400000, 0x0000000082300000| Untracked 
|  36|0x0000000082400000, 0x0000000082500000, 0x0000000082500000|100%| O|  |TAMS 0x0000000082500000, 0x0000000082400000| Untracked 
|  37|0x0000000082500000, 0x0000000082600000, 0x0000000082600000|100%| O|  |TAMS 0x0000000082600000, 0x0000000082500000| Untracked 
|  38|0x0000000082600000, 0x0000000082700000, 0x0000000082700000|100%| O|  |TAMS 0x0000000082700000, 0x0000000082600000| Untracked 
|  39|0x0000000082700000, 0x0000000082800000, 0x0000000082800000|100%| O|  |TAMS 0x0000000082800000, 0x0000000082700000| Untracked 
|  40|0x0000000082800000, 0x0000000082900000, 0x0000000082900000|100%| O|  |TAMS 0x0000000082900000, 0x0000000082800000| Untracked 
|  41|0x0000000082900000, 0x0000000082a00000, 0x0000000082a00000|100%| O|  |TAMS 0x0000000082a00000, 0x0000000082900000| Untracked 
|  42|0x0000000082a00000, 0x0000000082b00000, 0x0000000082b00000|100%| O|  |TAMS 0x0000000082b00000, 0x0000000082a00000| Untracked 
|  43|0x0000000082b00000, 0x0000000082c00000, 0x0000000082c00000|100%| O|  |TAMS 0x0000000082c00000, 0x0000000082b00000| Untracked 
|  44|0x0000000082c00000, 0x0000000082d00000, 0x0000000082d00000|100%|HS|  |TAMS 0x0000000082d00000, 0x0000000082c00000| Complete 
|  45|0x0000000082d00000, 0x0000000082e00000, 0x0000000082e00000|100%|HC|  |TAMS 0x0000000082e00000, 0x0000000082d00000| Complete 
|  46|0x0000000082e00000, 0x0000000082f00000, 0x0000000082f00000|100%|HC|  |TAMS 0x0000000082f00000, 0x0000000082e00000| Complete 
|  47|0x0000000082f00000, 0x0000000083000000, 0x0000000083000000|100%| O|  |TAMS 0x0000000083000000, 0x0000000082f00000| Untracked 
|  48|0x0000000083000000, 0x0000000083100000, 0x0000000083100000|100%| O|  |TAMS 0x0000000083100000, 0x0000000083000000| Untracked 
|  49|0x0000000083100000, 0x0000000083200000, 0x0000000083200000|100%| O|  |TAMS 0x0000000083200000, 0x0000000083100000| Untracked 
|  50|0x0000000083200000, 0x0000000083300000, 0x0000000083300000|100%| O|  |TAMS 0x0000000083300000, 0x0000000083200000| Untracked 
|  51|0x0000000083300000, 0x0000000083400000, 0x0000000083400000|100%| O|  |TAMS 0x0000000083400000, 0x0000000083300000| Untracked 
|  52|0x0000000083400000, 0x0000000083500000, 0x0000000083500000|100%| O|  |TAMS 0x0000000083400000, 0x0000000083400000| Untracked 
|  53|0x0000000083500000, 0x0000000083600000, 0x0000000083600000|100%| O|  |TAMS 0x0000000083600000, 0x0000000083500000| Untracked 
|  54|0x0000000083600000, 0x0000000083700000, 0x0000000083700000|100%| O|  |TAMS 0x0000000083700000, 0x0000000083600000| Untracked 
|  55|0x0000000083700000, 0x0000000083800000, 0x0000000083800000|100%| O|  |TAMS 0x0000000083800000, 0x0000000083700000| Untracked 
|  56|0x0000000083800000, 0x0000000083900000, 0x0000000083900000|100%| O|  |TAMS 0x0000000083900000, 0x0000000083800000| Untracked 
|  57|0x0000000083900000, 0x0000000083a00000, 0x0000000083a00000|100%| O|  |TAMS 0x0000000083a00000, 0x0000000083900000| Untracked 
|  58|0x0000000083a00000, 0x0000000083b00000, 0x0000000083b00000|100%| O|  |TAMS 0x0000000083b00000, 0x0000000083a00000| Untracked 
|  59|0x0000000083b00000, 0x0000000083c00000, 0x0000000083c00000|100%| O|  |TAMS 0x0000000083c00000, 0x0000000083b00000| Untracked 
|  60|0x0000000083c00000, 0x0000000083d00000, 0x0000000083d00000|100%| O|  |TAMS 0x0000000083d00000, 0x0000000083c00000| Untracked 
|  61|0x0000000083d00000, 0x0000000083e00000, 0x0000000083e00000|100%| O|  |TAMS 0x0000000083e00000, 0x0000000083d00000| Untracked 
|  62|0x0000000083e00000, 0x0000000083f00000, 0x0000000083f00000|100%| O|  |TAMS 0x0000000083f00000, 0x0000000083e00000| Untracked 
|  63|0x0000000083f00000, 0x0000000084000000, 0x0000000084000000|100%| O|  |TAMS 0x0000000084000000, 0x0000000083f00000| Untracked 
|  64|0x0000000084000000, 0x0000000084100000, 0x0000000084100000|100%| O|  |TAMS 0x0000000084100000, 0x0000000084000000| Untracked 
|  65|0x0000000084100000, 0x0000000084200000, 0x0000000084200000|100%| O|  |TAMS 0x0000000084200000, 0x0000000084100000| Untracked 
|  66|0x0000000084200000, 0x0000000084300000, 0x0000000084300000|100%| O|  |TAMS 0x0000000084300000, 0x0000000084200000| Untracked 
|  67|0x0000000084300000, 0x0000000084400000, 0x0000000084400000|100%| O|  |TAMS 0x0000000084400000, 0x0000000084300000| Untracked 
|  68|0x0000000084400000, 0x0000000084500000, 0x0000000084500000|100%| O|  |TAMS 0x0000000084500000, 0x0000000084400000| Untracked 
|  69|0x0000000084500000, 0x0000000084600000, 0x0000000084600000|100%| O|  |TAMS 0x0000000084600000, 0x0000000084500000| Untracked 
|  70|0x0000000084600000, 0x0000000084700000, 0x0000000084700000|100%| O|  |TAMS 0x0000000084700000, 0x0000000084600000| Untracked 
|  71|0x0000000084700000, 0x0000000084800000, 0x0000000084800000|100%| O|  |TAMS 0x0000000084800000, 0x0000000084700000| Untracked 
|  72|0x0000000084800000, 0x0000000084900000, 0x0000000084900000|100%| O|  |TAMS 0x0000000084900000, 0x0000000084800000| Untracked 
|  73|0x0000000084900000, 0x0000000084a00000, 0x0000000084a00000|100%| O|  |TAMS 0x0000000084a00000, 0x0000000084900000| Untracked 
|  74|0x0000000084a00000, 0x0000000084b00000, 0x0000000084b00000|100%|HS|  |TAMS 0x0000000084b00000, 0x0000000084a00000| Complete 
|  75|0x0000000084b00000, 0x0000000084c00000, 0x0000000084c00000|100%| O|  |TAMS 0x0000000084c00000, 0x0000000084b00000| Untracked 
|  76|0x0000000084c00000, 0x0000000084d00000, 0x0000000084d00000|100%| O|  |TAMS 0x0000000084d00000, 0x0000000084c00000| Untracked 
|  77|0x0000000084d00000, 0x0000000084e00000, 0x0000000084e00000|100%| O|  |TAMS 0x0000000084e00000, 0x0000000084d00000| Untracked 
|  78|0x0000000084e00000, 0x0000000084f00000, 0x0000000084f00000|100%| O|  |TAMS 0x0000000084f00000, 0x0000000084e00000| Untracked 
|  79|0x0000000084f00000, 0x0000000085000000, 0x0000000085000000|100%| O|  |TAMS 0x0000000085000000, 0x0000000084f00000| Untracked 
|  80|0x0000000085000000, 0x0000000085100000, 0x0000000085100000|100%| O|  |TAMS 0x0000000085100000, 0x0000000085000000| Untracked 
|  81|0x0000000085100000, 0x0000000085200000, 0x0000000085200000|100%| O|  |TAMS 0x0000000085200000, 0x0000000085100000| Untracked 
|  82|0x0000000085200000, 0x0000000085300000, 0x0000000085300000|100%| O|  |TAMS 0x0000000085300000, 0x0000000085200000| Untracked 
|  83|0x0000000085300000, 0x0000000085400000, 0x0000000085400000|100%| O|  |TAMS 0x0000000085400000, 0x0000000085300000| Untracked 
|  84|0x0000000085400000, 0x0000000085500000, 0x0000000085500000|100%| O|  |TAMS 0x0000000085500000, 0x0000000085400000| Untracked 
|  85|0x0000000085500000, 0x0000000085600000, 0x0000000085600000|100%| O|  |TAMS 0x0000000085500000, 0x0000000085500000| Untracked 
|  86|0x0000000085600000, 0x0000000085700000, 0x0000000085700000|100%|HS|  |TAMS 0x0000000085700000, 0x0000000085600000| Complete 
|  87|0x0000000085700000, 0x0000000085800000, 0x0000000085800000|100%|HC|  |TAMS 0x0000000085800000, 0x0000000085700000| Complete 
|  88|0x0000000085800000, 0x0000000085900000, 0x0000000085900000|100%|HC|  |TAMS 0x0000000085900000, 0x0000000085800000| Complete 
|  89|0x0000000085900000, 0x0000000085a00000, 0x0000000085a00000|100%|HC|  |TAMS 0x0000000085a00000, 0x0000000085900000| Complete 
|  90|0x0000000085a00000, 0x0000000085b00000, 0x0000000085b00000|100%|HC|  |TAMS 0x0000000085b00000, 0x0000000085a00000| Complete 
|  91|0x0000000085b00000, 0x0000000085c00000, 0x0000000085c00000|100%|HC|  |TAMS 0x0000000085c00000, 0x0000000085b00000| Complete 
|  92|0x0000000085c00000, 0x0000000085d00000, 0x0000000085d00000|100%|HS|  |TAMS 0x0000000085d00000, 0x0000000085c00000| Complete 
|  93|0x0000000085d00000, 0x0000000085e00000, 0x0000000085e00000|100%|HS|  |TAMS 0x0000000085e00000, 0x0000000085d00000| Complete 
|  94|0x0000000085e00000, 0x0000000085f00000, 0x0000000085f00000|100%|HS|  |TAMS 0x0000000085f00000, 0x0000000085e00000| Complete 
|  95|0x0000000085f00000, 0x0000000086000000, 0x0000000086000000|100%| O|  |TAMS 0x0000000086000000, 0x0000000085f00000| Untracked 
|  96|0x0000000086000000, 0x0000000086100000, 0x0000000086100000|100%| O|  |TAMS 0x0000000086100000, 0x0000000086000000| Untracked 
|  97|0x0000000086100000, 0x0000000086200000, 0x0000000086200000|100%| O|  |TAMS 0x0000000086200000, 0x0000000086100000| Untracked 
|  98|0x0000000086200000, 0x0000000086300000, 0x0000000086300000|100%| O|  |TAMS 0x0000000086258200, 0x0000000086200000| Untracked 
|  99|0x0000000086300000, 0x0000000086400000, 0x0000000086400000|100%| O|  |TAMS 0x0000000086300000, 0x0000000086300000| Untracked 
| 100|0x0000000086400000, 0x0000000086500000, 0x0000000086500000|100%| O|  |TAMS 0x0000000086400000, 0x0000000086400000| Untracked 
| 101|0x0000000086500000, 0x0000000086600000, 0x0000000086600000|100%| O|  |TAMS 0x0000000086500000, 0x0000000086500000| Untracked 
| 102|0x0000000086600000, 0x0000000086700000, 0x0000000086700000|100%| O|  |TAMS 0x0000000086600000, 0x0000000086600000| Untracked 
| 103|0x0000000086700000, 0x0000000086800000, 0x0000000086800000|100%| O|  |TAMS 0x0000000086700000, 0x0000000086700000| Untracked 
| 104|0x0000000086800000, 0x00000000868dfc00, 0x0000000086900000| 87%| O|  |TAMS 0x0000000086800000, 0x0000000086800000| Untracked 
| 105|0x0000000086900000, 0x0000000086900000, 0x0000000086a00000|  0%| F|  |TAMS 0x0000000086900000, 0x0000000086900000| Untracked 
| 106|0x0000000086a00000, 0x0000000086a00000, 0x0000000086b00000|  0%| F|  |TAMS 0x0000000086a00000, 0x0000000086a00000| Untracked 
| 107|0x0000000086b00000, 0x0000000086b00000, 0x0000000086c00000|  0%| F|  |TAMS 0x0000000086b00000, 0x0000000086b00000| Untracked 
| 108|0x0000000086c00000, 0x0000000086c00000, 0x0000000086d00000|  0%| F|  |TAMS 0x0000000086c00000, 0x0000000086c00000| Untracked 
| 109|0x0000000086d00000, 0x0000000086d00000, 0x0000000086e00000|  0%| F|  |TAMS 0x0000000086d00000, 0x0000000086d00000| Untracked 
| 110|0x0000000086e00000, 0x0000000086e00000, 0x0000000086f00000|  0%| F|  |TAMS 0x0000000086e00000, 0x0000000086e00000| Untracked 
| 111|0x0000000086f00000, 0x0000000086f00000, 0x0000000087000000|  0%| F|  |TAMS 0x0000000086f00000, 0x0000000086f00000| Untracked 
| 112|0x0000000087000000, 0x0000000087000000, 0x0000000087100000|  0%| F|  |TAMS 0x0000000087000000, 0x0000000087000000| Untracked 
| 113|0x0000000087100000, 0x0000000087100000, 0x0000000087200000|  0%| F|  |TAMS 0x0000000087100000, 0x0000000087100000| Untracked 
| 114|0x0000000087200000, 0x0000000087200000, 0x0000000087300000|  0%| F|  |TAMS 0x0000000087200000, 0x0000000087200000| Untracked 
| 115|0x0000000087300000, 0x0000000087300000, 0x0000000087400000|  0%| F|  |TAMS 0x0000000087300000, 0x0000000087300000| Untracked 
| 116|0x0000000087400000, 0x0000000087400000, 0x0000000087500000|  0%| F|  |TAMS 0x0000000087400000, 0x0000000087400000| Untracked 
| 117|0x0000000087500000, 0x0000000087500000, 0x0000000087600000|  0%| F|  |TAMS 0x0000000087500000, 0x0000000087500000| Untracked 
| 118|0x0000000087600000, 0x0000000087600000, 0x0000000087700000|  0%| F|  |TAMS 0x0000000087600000, 0x0000000087600000| Untracked 
| 119|0x0000000087700000, 0x0000000087700000, 0x0000000087800000|  0%| F|  |TAMS 0x0000000087700000, 0x0000000087700000| Untracked 
| 120|0x0000000087800000, 0x0000000087800000, 0x0000000087900000|  0%| F|  |TAMS 0x0000000087800000, 0x0000000087800000| Untracked 
| 121|0x0000000087900000, 0x0000000087900000, 0x0000000087a00000|  0%| F|  |TAMS 0x0000000087900000, 0x0000000087900000| Untracked 
| 122|0x0000000087a00000, 0x0000000087a00000, 0x0000000087b00000|  0%| F|  |TAMS 0x0000000087a00000, 0x0000000087a00000| Untracked 
| 123|0x0000000087b00000, 0x0000000087b00000, 0x0000000087c00000|  0%| F|  |TAMS 0x0000000087b00000, 0x0000000087b00000| Untracked 
| 124|0x0000000087c00000, 0x0000000087c00000, 0x0000000087d00000|  0%| F|  |TAMS 0x0000000087c00000, 0x0000000087c00000| Untracked 
| 125|0x0000000087d00000, 0x0000000087d00000, 0x0000000087e00000|  0%| F|  |TAMS 0x0000000087d00000, 0x0000000087d00000| Untracked 
| 126|0x0000000087e00000, 0x0000000087f00000, 0x0000000087f00000|100%| S|CS|TAMS 0x0000000087e00000, 0x0000000087e00000| Complete 
| 127|0x0000000087f00000, 0x0000000087f00000, 0x0000000088000000|  0%| F|  |TAMS 0x0000000087f00000, 0x0000000087f00000| Untracked 
| 128|0x0000000088000000, 0x0000000088100000, 0x0000000088100000|100%| S|CS|TAMS 0x0000000088000000, 0x0000000088000000| Complete 
| 129|0x0000000088100000, 0x0000000088200000, 0x0000000088200000|100%| S|CS|TAMS 0x0000000088100000, 0x0000000088100000| Complete 
| 130|0x0000000088200000, 0x0000000088300000, 0x0000000088300000|100%| S|CS|TAMS 0x0000000088200000, 0x0000000088200000| Complete 
| 131|0x0000000088300000, 0x0000000088400000, 0x0000000088400000|100%| S|CS|TAMS 0x0000000088300000, 0x0000000088300000| Complete 
| 132|0x0000000088400000, 0x0000000088500000, 0x0000000088500000|100%| S|CS|TAMS 0x0000000088400000, 0x0000000088400000| Complete 
| 133|0x0000000088500000, 0x0000000088500000, 0x0000000088600000|  0%| F|  |TAMS 0x0000000088500000, 0x0000000088500000| Untracked 
| 134|0x0000000088600000, 0x0000000088600000, 0x0000000088700000|  0%| F|  |TAMS 0x0000000088600000, 0x0000000088600000| Untracked 
| 135|0x0000000088700000, 0x0000000088700000, 0x0000000088800000|  0%| F|  |TAMS 0x0000000088700000, 0x0000000088700000| Untracked 
| 136|0x0000000088800000, 0x0000000088800000, 0x0000000088900000|  0%| F|  |TAMS 0x0000000088800000, 0x0000000088800000| Untracked 
| 137|0x0000000088900000, 0x0000000088900000, 0x0000000088a00000|  0%| F|  |TAMS 0x0000000088900000, 0x0000000088900000| Untracked 
| 138|0x0000000088a00000, 0x0000000088a00000, 0x0000000088b00000|  0%| F|  |TAMS 0x0000000088a00000, 0x0000000088a00000| Untracked 
| 139|0x0000000088b00000, 0x0000000088b00000, 0x0000000088c00000|  0%| F|  |TAMS 0x0000000088b00000, 0x0000000088b00000| Untracked 
| 140|0x0000000088c00000, 0x0000000088c00000, 0x0000000088d00000|  0%| F|  |TAMS 0x0000000088c00000, 0x0000000088c00000| Untracked 
| 141|0x0000000088d00000, 0x0000000088d00000, 0x0000000088e00000|  0%| F|  |TAMS 0x0000000088d00000, 0x0000000088d00000| Untracked 
| 142|0x0000000088e00000, 0x0000000088e00000, 0x0000000088f00000|  0%| F|  |TAMS 0x0000000088e00000, 0x0000000088e00000| Untracked 
| 143|0x0000000088f00000, 0x0000000088f00000, 0x0000000089000000|  0%| F|  |TAMS 0x0000000088f00000, 0x0000000088f00000| Untracked 
| 144|0x0000000089000000, 0x0000000089000000, 0x0000000089100000|  0%| F|  |TAMS 0x0000000089000000, 0x0000000089000000| Untracked 
| 145|0x0000000089100000, 0x0000000089100000, 0x0000000089200000|  0%| F|  |TAMS 0x0000000089100000, 0x0000000089100000| Untracked 
| 146|0x0000000089200000, 0x0000000089200000, 0x0000000089300000|  0%| F|  |TAMS 0x0000000089200000, 0x0000000089200000| Untracked 
| 147|0x0000000089300000, 0x0000000089300000, 0x0000000089400000|  0%| F|  |TAMS 0x0000000089300000, 0x0000000089300000| Untracked 
| 148|0x0000000089400000, 0x0000000089400000, 0x0000000089500000|  0%| F|  |TAMS 0x0000000089400000, 0x0000000089400000| Untracked 
| 149|0x0000000089500000, 0x0000000089500000, 0x0000000089600000|  0%| F|  |TAMS 0x0000000089500000, 0x0000000089500000| Untracked 
| 150|0x0000000089600000, 0x0000000089600000, 0x0000000089700000|  0%| F|  |TAMS 0x0000000089600000, 0x0000000089600000| Untracked 
| 151|0x0000000089700000, 0x0000000089700000, 0x0000000089800000|  0%| F|  |TAMS 0x0000000089700000, 0x0000000089700000| Untracked 
| 152|0x0000000089800000, 0x0000000089800000, 0x0000000089900000|  0%| F|  |TAMS 0x0000000089800000, 0x0000000089800000| Untracked 
| 153|0x0000000089900000, 0x0000000089900000, 0x0000000089a00000|  0%| F|  |TAMS 0x0000000089900000, 0x0000000089900000| Untracked 
| 154|0x0000000089a00000, 0x0000000089a00000, 0x0000000089b00000|  0%| F|  |TAMS 0x0000000089a00000, 0x0000000089a00000| Untracked 
| 155|0x0000000089b00000, 0x0000000089b00000, 0x0000000089c00000|  0%| F|  |TAMS 0x0000000089b00000, 0x0000000089b00000| Untracked 
| 156|0x0000000089c00000, 0x0000000089c00000, 0x0000000089d00000|  0%| F|  |TAMS 0x0000000089c00000, 0x0000000089c00000| Untracked 
| 157|0x0000000089d00000, 0x0000000089d00000, 0x0000000089e00000|  0%| F|  |TAMS 0x0000000089d00000, 0x0000000089d00000| Untracked 
| 158|0x0000000089e00000, 0x0000000089e00000, 0x0000000089f00000|  0%| F|  |TAMS 0x0000000089e00000, 0x0000000089e00000| Untracked 
| 159|0x0000000089f00000, 0x0000000089f00000, 0x000000008a000000|  0%| F|  |TAMS 0x0000000089f00000, 0x0000000089f00000| Untracked 
| 160|0x000000008a000000, 0x000000008a000000, 0x000000008a100000|  0%| F|  |TAMS 0x000000008a000000, 0x000000008a000000| Untracked 
| 161|0x000000008a100000, 0x000000008a100000, 0x000000008a200000|  0%| F|  |TAMS 0x000000008a100000, 0x000000008a100000| Untracked 
| 162|0x000000008a200000, 0x000000008a200000, 0x000000008a300000|  0%| F|  |TAMS 0x000000008a200000, 0x000000008a200000| Untracked 
| 163|0x000000008a300000, 0x000000008a300000, 0x000000008a400000|  0%| F|  |TAMS 0x000000008a300000, 0x000000008a300000| Untracked 
| 164|0x000000008a400000, 0x000000008a400000, 0x000000008a500000|  0%| F|  |TAMS 0x000000008a400000, 0x000000008a400000| Untracked 
| 165|0x000000008a500000, 0x000000008a500000, 0x000000008a600000|  0%| F|  |TAMS 0x000000008a500000, 0x000000008a500000| Untracked 
| 166|0x000000008a600000, 0x000000008a600000, 0x000000008a700000|  0%| F|  |TAMS 0x000000008a600000, 0x000000008a600000| Untracked 
| 167|0x000000008a700000, 0x000000008a700000, 0x000000008a800000|  0%| F|  |TAMS 0x000000008a700000, 0x000000008a700000| Untracked 
| 168|0x000000008a800000, 0x000000008a800000, 0x000000008a900000|  0%| F|  |TAMS 0x000000008a800000, 0x000000008a800000| Untracked 
| 169|0x000000008a900000, 0x000000008a98ddb8, 0x000000008aa00000| 55%| E|  |TAMS 0x000000008a900000, 0x000000008a900000| Complete 
| 170|0x000000008aa00000, 0x000000008ab00000, 0x000000008ab00000|100%| E|CS|TAMS 0x000000008aa00000, 0x000000008aa00000| Complete 
| 171|0x000000008ab00000, 0x000000008ac00000, 0x000000008ac00000|100%| E|CS|TAMS 0x000000008ab00000, 0x000000008ab00000| Complete 
| 172|0x000000008ac00000, 0x000000008ad00000, 0x000000008ad00000|100%| E|CS|TAMS 0x000000008ac00000, 0x000000008ac00000| Complete 
| 173|0x000000008ad00000, 0x000000008ae00000, 0x000000008ae00000|100%| E|CS|TAMS 0x000000008ad00000, 0x000000008ad00000| Complete 
| 174|0x000000008ae00000, 0x000000008af00000, 0x000000008af00000|100%| E|CS|TAMS 0x000000008ae00000, 0x000000008ae00000| Complete 
| 175|0x000000008af00000, 0x000000008b000000, 0x000000008b000000|100%| E|CS|TAMS 0x000000008af00000, 0x000000008af00000| Complete 
| 176|0x000000008b000000, 0x000000008b100000, 0x000000008b100000|100%| E|CS|TAMS 0x000000008b000000, 0x000000008b000000| Complete 

Card table byte_map: [0x0000021135e40000,0x0000021136240000] _byte_map_base: 0x0000021135a40000

Marking Bits (Prev, Next): (CMBitMap*) 0x00000211235bb7b0, (CMBitMap*) 0x00000211235bb7f0
 Prev Bits: [0x0000021136640000, 0x0000021138640000)
 Next Bits: [0x0000021138640000, 0x000002113a640000)

Polling page: 0x0000021121450000

Metaspace:

Usage:
  Non-class:     90.30 MB used.
      Class:     13.84 MB used.
       Both:    104.14 MB used.

Virtual space:
  Non-class space:      128.00 MB reserved,      90.69 MB ( 71%) committed,  2 nodes.
      Class space:        1.00 GB reserved,      14.19 MB (  1%) committed,  1 nodes.
             Both:        1.12 GB reserved,     104.88 MB (  9%) committed. 

Chunk freelists:
   Non-Class:  5.20 MB
       Class:  1.62 MB
        Both:  6.83 MB

MaxMetaspaceSize: unlimited
CompressedClassSpaceSize: 1.00 GB
Initial GC threshold: 21.00 MB
Current GC threshold: 145.94 MB
CDS: off
MetaspaceReclaimPolicy: balanced
 - commit_granule_bytes: 65536.
 - commit_granule_words: 8192.
 - virtual_space_node_default_size: 8388608.
 - enlarge_chunks_in_place: 1.
 - new_chunks_are_fully_committed: 0.
 - uncommit_free_chunks: 1.
 - use_allocation_guard: 0.
 - handle_deallocations: 1.


Internal statistics:

num_allocs_failed_limit: 3.
num_arena_births: 840.
num_arena_deaths: 0.
num_vsnodes_births: 3.
num_vsnodes_deaths: 0.
num_space_committed: 1676.
num_space_uncommitted: 0.
num_chunks_returned_to_freelist: 3.
num_chunks_taken_from_freelist: 4445.
num_chunk_merges: 3.
num_chunk_splits: 3330.
num_chunks_enlarged: 2647.
num_inconsistent_stats: 0.

CodeHeap 'non-profiled nmethods': size=120000Kb used=4724Kb max_used=4724Kb free=115275Kb
 bounds [0x000002112e510000, 0x000002112e9b0000, 0x0000021135a40000]
CodeHeap 'profiled nmethods': size=120000Kb used=17169Kb max_used=17169Kb free=102830Kb
 bounds [0x0000021126a40000, 0x0000021127b10000, 0x000002112df70000]
CodeHeap 'non-nmethods': size=5760Kb used=2469Kb max_used=2500Kb free=3290Kb
 bounds [0x000002112df70000, 0x000002112e1f0000, 0x000002112e510000]
 total_blobs=9468 nmethods=8441 adapters=937
 compilation: enabled
              stopped_count=0, restarted_count=0
 full_count=0

Compilation events (20 events):
Event: 122.089 Thread 0x00000211410300e0 9227       3       org.jetbrains.kotlin.serialization.deserialization.DeserializationContext::childContext (83 bytes)
Event: 122.092 Thread 0x00000211410300e0 nmethod 9227 0x0000021127af4290 code [0x0000021127af47a0, 0x0000021127af6a98]
Event: 122.092 Thread 0x00000211410300e0 9230       3       org.jetbrains.kotlin.metadata.ProtoBuf$Type::hasClassName (18 bytes)
Event: 122.092 Thread 0x00000211410300e0 nmethod 9230 0x0000021127af7790 code [0x0000021127af7920, 0x0000021127af7a98]
Event: 122.092 Thread 0x00000211410300e0 9229       3       org.jetbrains.kotlin.types.KotlinTypeFactory::simpleType$default (21 bytes)
Event: 122.093 Thread 0x00000211410300e0 nmethod 9229 0x0000021127af7b10 code [0x0000021127af7cc0, 0x0000021127af7e28]
Event: 122.093 Thread 0x00000211410300e0 9228       3       org.jetbrains.kotlin.metadata.deserialization.VersionSpecificBehaviorKt::isVersionRequirementTableWrittenCorrectly (11 bytes)
Event: 122.093 Thread 0x00000211410300e0 nmethod 9228 0x0000021127af7f10 code [0x0000021127af8120, 0x0000021127af86c8]
Event: 122.093 Thread 0x00000211410300e0 9231       1       org.jetbrains.kotlin.descriptors.impl.FunctionDescriptorImpl::getExtensionReceiverParameter (5 bytes)
Event: 122.093 Thread 0x00000211410300e0 nmethod 9231 0x000002112e9aa990 code [0x000002112e9aab20, 0x000002112e9aabf8]
Event: 122.093 Thread 0x00000211410300e0 9232       1       org.jetbrains.kotlin.serialization.deserialization.DeserializationContext::getMemberDeserializer (5 bytes)
Event: 122.093 Thread 0x00000211410300e0 nmethod 9232 0x000002112e9aac90 code [0x000002112e9aae20, 0x000002112e9aaef8]
Event: 122.094 Thread 0x00000211410300e0 9234       3       org.jetbrains.kotlin.serialization.deserialization.descriptors.DeserializedClassDescriptor::getTypeConstructor (8 bytes)
Event: 122.094 Thread 0x00000211410300e0 nmethod 9234 0x0000021127af8910 code [0x0000021127af8aa0, 0x0000021127af8bb8]
Event: 122.094 Thread 0x00000211410300e0 9235       3       org.jetbrains.kotlin.resolve.jvm.JvmClassName::getInternalName (14 bytes)
Event: 122.094 Thread 0x00000211410300e0 nmethod 9235 0x0000021127af8c90 code [0x0000021127af8e40, 0x0000021127af8fc8]
Event: 122.094 Thread 0x00000211410300e0 9236       3       kotlin.text.StringsKt__StringsKt::substringAfterLast$default (15 bytes)
Event: 122.094 Thread 0x00000211410300e0 nmethod 9236 0x0000021127af9090 code [0x0000021127af9220, 0x0000021127af9368]
Event: 122.094 Thread 0x00000211410300e0 9237       3       org.jetbrains.kotlin.serialization.deserialization.descriptors.DeserializedAnnotations::getAnnotations (17 bytes)
Event: 122.095 Thread 0x00000211410300e0 nmethod 9237 0x0000021127af9410 code [0x0000021127af96c0, 0x0000021127afa328]

GC Heap History (20 events):
Event: 81.410 GC heap before
{Heap before GC invocations=45 (full 0):
 garbage-first heap   total 147456K, used 110240K [0x0000000080000000, 0x0000000100000000)
  region size 1024K, 29 young (29696K), 4 survivors (4096K)
 Metaspace       used 81510K, committed 82240K, reserved 1179648K
  class space    used 11397K, committed 11712K, reserved 1048576K
}
Event: 81.418 GC heap after
{Heap after GC invocations=46 (full 0):
 garbage-first heap   total 147456K, used 87266K [0x0000000080000000, 0x0000000100000000)
  region size 1024K, 2 young (2048K), 2 survivors (2048K)
 Metaspace       used 81510K, committed 82240K, reserved 1179648K
  class space    used 11397K, committed 11712K, reserved 1048576K
}
Event: 81.640 GC heap before
{Heap before GC invocations=46 (full 0):
 garbage-first heap   total 147456K, used 92386K [0x0000000080000000, 0x0000000100000000)
  region size 1024K, 7 young (7168K), 2 survivors (2048K)
 Metaspace       used 82335K, committed 83072K, reserved 1179648K
  class space    used 11483K, committed 11840K, reserved 1048576K
}
Event: 81.644 GC heap after
{Heap after GC invocations=47 (full 0):
 garbage-first heap   total 147456K, used 87146K [0x0000000080000000, 0x0000000100000000)
  region size 1024K, 1 young (1024K), 1 survivors (1024K)
 Metaspace       used 82335K, committed 83072K, reserved 1179648K
  class space    used 11483K, committed 11840K, reserved 1048576K
}
Event: 85.033 GC heap before
{Heap before GC invocations=47 (full 0):
 garbage-first heap   total 147456K, used 124010K [0x0000000080000000, 0x0000000100000000)
  region size 1024K, 27 young (27648K), 1 survivors (1024K)
 Metaspace       used 84461K, committed 85184K, reserved 1179648K
  class space    used 11717K, committed 12032K, reserved 1048576K
}
Event: 85.038 GC heap after
{Heap after GC invocations=48 (full 0):
 garbage-first heap   total 147456K, used 100809K [0x0000000080000000, 0x0000000100000000)
  region size 1024K, 4 young (4096K), 4 survivors (4096K)
 Metaspace       used 84461K, committed 85184K, reserved 1179648K
  class space    used 11717K, committed 12032K, reserved 1048576K
}
Event: 87.581 GC heap before
{Heap before GC invocations=48 (full 0):
 garbage-first heap   total 147456K, used 119241K [0x0000000080000000, 0x0000000100000000)
  region size 1024K, 23 young (23552K), 4 survivors (4096K)
 Metaspace       used 86518K, committed 87232K, reserved 1179648K
  class space    used 11926K, committed 12288K, reserved 1048576K
}
Event: 87.587 GC heap after
{Heap after GC invocations=49 (full 0):
 garbage-first heap   total 147456K, used 102558K [0x0000000080000000, 0x0000000100000000)
  region size 1024K, 2 young (2048K), 2 survivors (2048K)
 Metaspace       used 86518K, committed 87232K, reserved 1179648K
  class space    used 11926K, committed 12288K, reserved 1048576K
}
Event: 89.432 GC heap before
{Heap before GC invocations=49 (full 0):
 garbage-first heap   total 147456K, used 120990K [0x0000000080000000, 0x0000000100000000)
  region size 1024K, 20 young (20480K), 2 survivors (2048K)
 Metaspace       used 88808K, committed 89472K, reserved 1179648K
  class space    used 12091K, committed 12416K, reserved 1048576K
}
Event: 89.437 GC heap after
{Heap after GC invocations=50 (full 0):
 garbage-first heap   total 147456K, used 104090K [0x0000000080000000, 0x0000000100000000)
  region size 1024K, 2 young (2048K), 2 survivors (2048K)
 Metaspace       used 88808K, committed 89472K, reserved 1179648K
  class space    used 12091K, committed 12416K, reserved 1048576K
}
Event: 91.237 GC heap before
{Heap before GC invocations=51 (full 0):
 garbage-first heap   total 181248K, used 121498K [0x0000000080000000, 0x0000000100000000)
  region size 1024K, 20 young (20480K), 2 survivors (2048K)
 Metaspace       used 91013K, committed 91712K, reserved 1179648K
  class space    used 12349K, committed 12672K, reserved 1048576K
}
Event: 91.241 GC heap after
{Heap after GC invocations=52 (full 0):
 garbage-first heap   total 181248K, used 104124K [0x0000000080000000, 0x0000000100000000)
  region size 1024K, 2 young (2048K), 2 survivors (2048K)
 Metaspace       used 91013K, committed 91712K, reserved 1179648K
  class space    used 12349K, committed 12672K, reserved 1048576K
}
Event: 92.380 GC heap before
{Heap before GC invocations=52 (full 0):
 garbage-first heap   total 181248K, used 110268K [0x0000000080000000, 0x0000000100000000)
  region size 1024K, 8 young (8192K), 2 survivors (2048K)
 Metaspace       used 91708K, committed 92480K, reserved 1179648K
  class space    used 12452K, committed 12800K, reserved 1048576K
}
Event: 92.386 GC heap after
{Heap after GC invocations=53 (full 0):
 garbage-first heap   total 181248K, used 103229K [0x0000000080000000, 0x0000000100000000)
  region size 1024K, 1 young (1024K), 1 survivors (1024K)
 Metaspace       used 91708K, committed 92480K, reserved 1179648K
  class space    used 12452K, committed 12800K, reserved 1048576K
}
Event: 94.192 GC heap before
{Heap before GC invocations=53 (full 0):
 garbage-first heap   total 181248K, used 144189K [0x0000000080000000, 0x0000000100000000)
  region size 1024K, 41 young (41984K), 1 survivors (1024K)
 Metaspace       used 96628K, committed 97344K, reserved 1179648K
  class space    used 13044K, committed 13376K, reserved 1048576K
}
Event: 94.199 GC heap after
{Heap after GC invocations=54 (full 0):
 garbage-first heap   total 181248K, used 104903K [0x0000000080000000, 0x0000000100000000)
  region size 1024K, 3 young (3072K), 3 survivors (3072K)
 Metaspace       used 96628K, committed 97344K, reserved 1179648K
  class space    used 13044K, committed 13376K, reserved 1048576K
}
Event: 97.097 GC heap before
{Heap before GC invocations=54 (full 0):
 garbage-first heap   total 181248K, used 147911K [0x0000000080000000, 0x0000000100000000)
  region size 1024K, 44 young (45056K), 3 survivors (3072K)
 Metaspace       used 99558K, committed 100288K, reserved 1179648K
  class space    used 13415K, committed 13760K, reserved 1048576K
}
Event: 97.105 GC heap after
{Heap after GC invocations=55 (full 0):
 garbage-first heap   total 181248K, used 107540K [0x0000000080000000, 0x0000000100000000)
  region size 1024K, 5 young (5120K), 5 survivors (5120K)
 Metaspace       used 99558K, committed 100288K, reserved 1179648K
  class space    used 13415K, committed 13760K, reserved 1048576K
}
Event: 108.669 GC heap before
{Heap before GC invocations=55 (full 0):
 garbage-first heap   total 181248K, used 148500K [0x0000000080000000, 0x0000000100000000)
  region size 1024K, 45 young (46080K), 5 survivors (5120K)
 Metaspace       used 101410K, committed 102080K, reserved 1179648K
  class space    used 13629K, committed 13952K, reserved 1048576K
}
Event: 108.688 GC heap after
{Heap after GC invocations=56 (full 0):
 garbage-first heap   total 181248K, used 109948K [0x0000000080000000, 0x0000000100000000)
  region size 1024K, 5 young (5120K), 5 survivors (5120K)
 Metaspace       used 101410K, committed 102080K, reserved 1179648K
  class space    used 13629K, committed 13952K, reserved 1048576K
}

Dll operation events (3 events):
Event: 0.387 Loaded shared library C:\Program Files\Android\Android Studio\jbr\bin\java.dll
Event: 1.000 Loaded shared library C:\Program Files\Android\Android Studio\jbr\bin\zip.dll
Event: 2.975 Loaded shared library C:\Program Files\Android\Android Studio\jbr\bin\verify.dll

Deoptimization events (20 events):
Event: 119.882 Thread 0x0000021141d05cd0 Uncommon trap: trap_request=0xffffffde fr.pc=0x000002112e955714 relative=0x00000000000005f4
Event: 119.882 Thread 0x0000021141d05cd0 Uncommon trap: reason=class_check action=maybe_recompile pc=0x000002112e955714 method=org.jetbrains.kotlin.storage.LockBasedStorageManager$LockBasedLazyValue.invoke()Ljava/lang/Object; @ 24 c2
Event: 119.882 Thread 0x0000021141d05cd0 DEOPT PACKING pc=0x000002112e955714 sp=0x000000d529af4240
Event: 119.882 Thread 0x0000021141d05cd0 DEOPT UNPACKING pc=0x000002112dfc69a3 sp=0x000000d529af4190 mode 2
Event: 119.882 Thread 0x0000021141d05cd0 Uncommon trap: trap_request=0xffffffde fr.pc=0x000002112e955714 relative=0x00000000000005f4
Event: 119.882 Thread 0x0000021141d05cd0 Uncommon trap: reason=class_check action=maybe_recompile pc=0x000002112e955714 method=org.jetbrains.kotlin.storage.LockBasedStorageManager$LockBasedLazyValue.invoke()Ljava/lang/Object; @ 24 c2
Event: 119.882 Thread 0x0000021141d05cd0 DEOPT PACKING pc=0x000002112e955714 sp=0x000000d529af42a0
Event: 119.882 Thread 0x0000021141d05cd0 DEOPT UNPACKING pc=0x000002112dfc69a3 sp=0x000000d529af41f0 mode 2
Event: 119.882 Thread 0x0000021141d05cd0 Uncommon trap: trap_request=0xffffffde fr.pc=0x000002112e955714 relative=0x00000000000005f4
Event: 119.882 Thread 0x0000021141d05cd0 Uncommon trap: reason=class_check action=maybe_recompile pc=0x000002112e955714 method=org.jetbrains.kotlin.storage.LockBasedStorageManager$LockBasedLazyValue.invoke()Ljava/lang/Object; @ 24 c2
Event: 119.882 Thread 0x0000021141d05cd0 DEOPT PACKING pc=0x000002112e955714 sp=0x000000d529af4320
Event: 119.882 Thread 0x0000021141d05cd0 DEOPT UNPACKING pc=0x000002112dfc69a3 sp=0x000000d529af4270 mode 2
Event: 119.900 Thread 0x0000021141d05cd0 Uncommon trap: trap_request=0xffffffde fr.pc=0x000002112e985860 relative=0x00000000000006c0
Event: 119.900 Thread 0x0000021141d05cd0 Uncommon trap: reason=class_check action=maybe_recompile pc=0x000002112e985860 method=org.jetbrains.kotlin.storage.LockBasedStorageManager$LockBasedLazyValue.invoke()Ljava/lang/Object; @ 24 c2
Event: 119.900 Thread 0x0000021141d05cd0 DEOPT PACKING pc=0x000002112e985860 sp=0x000000d529af3f80
Event: 119.900 Thread 0x0000021141d05cd0 DEOPT UNPACKING pc=0x000002112dfc69a3 sp=0x000000d529af3f38 mode 2
Event: 120.068 Thread 0x0000021141d05cd0 DEOPT PACKING pc=0x0000021127665f05 sp=0x000000d529af39f0
Event: 120.068 Thread 0x0000021141d05cd0 DEOPT UNPACKING pc=0x000002112dfc7143 sp=0x000000d529af2e80 mode 0
Event: 122.059 Thread 0x0000021141d05cd0 DEOPT PACKING pc=0x00000211279473e9 sp=0x000000d529af4810
Event: 122.059 Thread 0x0000021141d05cd0 DEOPT UNPACKING pc=0x000002112dfc7143 sp=0x000000d529af3d18 mode 0

Classes unloaded (0 events):
No events

Classes redefined (0 events):
No events

Internal exceptions (20 events):
Event: 42.879 Thread 0x0000021141d05cd0 Exception <a 'java/lang/NoSuchMethodError'{0x000000008582cec8}: 'java.lang.Object java.lang.invoke.DirectMethodHandle$Holder.invokeStaticInit(java.lang.Object, int)'> (0x000000008582cec8) 
thrown [s\src\hotspot\share\interpreter\linkResolver.cpp, line 771]
Event: 56.039 Thread 0x0000021141d05cd0 Implicit null exception at 0x000002112e54b672 to 0x000002112e54bc8c
Event: 56.534 Thread 0x0000021141d05cd0 Implicit null exception at 0x000002112e567772 to 0x000002112e567d8c
Event: 58.552 Thread 0x0000021141d05cd0 Exception <a 'sun/nio/fs/WindowsException'{0x00000000857e0828}> (0x00000000857e0828) 
thrown [s\src\hotspot\share\prims\jni.cpp, line 517]
Event: 58.552 Thread 0x0000021141d05cd0 Exception <a 'sun/nio/fs/WindowsException'{0x00000000857e3538}> (0x00000000857e3538) 
thrown [s\src\hotspot\share\prims\jni.cpp, line 517]
Event: 59.861 Thread 0x0000021141d05cd0 Exception <a 'java/lang/NoSuchMethodError'{0x000000008684cb00}: 'long java.lang.invoke.DirectMethodHandle$Holder.invokeStatic(java.lang.Object)'> (0x000000008684cb00) 
thrown [s\src\hotspot\share\interpreter\linkResolver.cpp, line 771]
Event: 59.861 Thread 0x0000021141d05cd0 Exception <a 'java/lang/NoSuchMethodError'{0x0000000086851990}: 'long java.lang.invoke.DirectMethodHandle$Holder.invokeStaticInit(java.lang.Object)'> (0x0000000086851990) 
thrown [s\src\hotspot\share\interpreter\linkResolver.cpp, line 771]
Event: 60.386 Thread 0x0000021141d05cd0 Exception <a 'java/lang/NoSuchMethodError'{0x00000000863ae8d0}: 'long java.lang.invoke.Invokers$Holder.invoke_MT(java.lang.Object, java.lang.Object, java.lang.Object, java.lang.Object)'> (0x00000000863ae8d0) 
thrown [s\src\hotspot\share\interpreter\linkResolver.cpp, line 771]
Event: 60.387 Thread 0x0000021141d05cd0 Exception <a 'java/lang/NoSuchMethodError'{0x00000000863b7f20}: 'int java.lang.invoke.Invokers$Holder.invoke_MT(java.lang.Object, java.lang.Object, java.lang.Object, java.lang.Object)'> (0x00000000863b7f20) 
thrown [s\src\hotspot\share\interpreter\linkResolver.cpp, line 771]
Event: 60.389 Thread 0x0000021141d05cd0 Exception <a 'java/lang/NoSuchMethodError'{0x00000000863c8a80}: 'void java.lang.invoke.DelegatingMethodHandle$Holder.reinvoke_L(java.lang.Object, java.lang.Object, java.lang.Object, long, java.lang.Object)'> (0x00000000863c8a80) 
thrown [s\src\hotspot\share\interpreter\linkResolver.cpp, line 771]
Event: 60.389 Thread 0x0000021141d05cd0 Exception <a 'java/lang/NoSuchMethodError'{0x00000000863d1658}: 'java.lang.Object java.lang.invoke.DirectMethodHandle$Holder.invokeSpecial(java.lang.Object, java.lang.Object, java.lang.Object, java.lang.Object, long)'> (0x00000000863d1658) 
thrown [s\src\hotspot\share\interpreter\linkResolver.cpp, line 771]
Event: 60.390 Thread 0x0000021141d05cd0 Exception <a 'java/lang/NoSuchMethodError'{0x00000000863e20d0}: 'int java.lang.invoke.DelegatingMethodHandle$Holder.reinvoke_L(java.lang.Object, java.lang.Object, java.lang.Object, long, java.lang.Object, java.lang.Object)'> (0x00000000863e20d0) 
thrown [s\src\hotspot\share\interpreter\linkResolver.cpp, line 771]
Event: 60.392 Thread 0x0000021141d05cd0 Exception <a 'java/lang/NoSuchMethodError'{0x00000000863f2448}: 'int java.lang.invoke.DelegatingMethodHandle$Holder.reinvoke_L(java.lang.Object, java.lang.Object, java.lang.Object, long, int, int)'> (0x00000000863f2448) 
thrown [s\src\hotspot\share\interpreter\linkResolver.cpp, line 771]
Event: 60.393 Thread 0x0000021141d05cd0 Exception <a 'java/lang/NoSuchMethodError'{0x0000000086202a00}: 'int java.lang.invoke.DelegatingMethodHandle$Holder.reinvoke_L(java.lang.Object, java.lang.Object, java.lang.Object, long, long, long)'> (0x0000000086202a00) 
thrown [s\src\hotspot\share\interpreter\linkResolver.cpp, line 771]
Event: 60.395 Thread 0x0000021141d05cd0 Exception <a 'java/lang/NoSuchMethodError'{0x0000000086212800}: 'int java.lang.invoke.DelegatingMethodHandle$Holder.reinvoke_L(java.lang.Object, java.lang.Object, java.lang.Object, long, int)'> (0x0000000086212800) 
thrown [s\src\hotspot\share\interpreter\linkResolver.cpp, line 771]
Event: 65.744 Thread 0x0000021141d05cd0 Exception <a 'java/lang/NoSuchMethodError'{0x00000000856bbb08}: 'java.lang.Object java.lang.invoke.Invokers$Holder.invokeExact_MT(java.lang.Object, java.lang.Object, long, java.lang.Object)'> (0x00000000856bbb08) 
thrown [s\src\hotspot\share\interpreter\linkResolver.cpp, line 771]
Event: 65.996 Thread 0x0000021141d05cd0 Exception <a 'java/lang/NoSuchMethodError'{0x00000000853490b0}: 'java.lang.Object java.lang.invoke.Invokers$Holder.invoke_MT(java.lang.Object, java.lang.Object, java.lang.Object)'> (0x00000000853490b0) 
thrown [s\src\hotspot\share\interpreter\linkResolver.cpp, line 771]
Event: 94.664 Thread 0x0000021141d05cd0 Exception <a 'java/lang/NoSuchMethodError'{0x000000008a50d890}: 'java.lang.Object java.lang.invoke.DirectMethodHandle$Holder.invokeStatic(java.lang.Object, java.lang.Object, java.lang.Object, java.lang.Object, int)'> (0x000000008a50d890) 
thrown [s\src\hotspot\share\interpreter\linkResolver.cpp, line 771]
Event: 110.533 Thread 0x0000021141d05cd0 Implicit null exception at 0x000002112e951be0 to 0x000002112e9523c4
Event: 110.533 Thread 0x0000021141d05cd0 Implicit null exception at 0x000002112e8f2d0f to 0x000002112e8f2d4c

VM Operations (20 events):
Event: 108.669 Executing VM operation: G1CollectForAllocation
Event: 108.688 Executing VM operation: G1CollectForAllocation done
Event: 109.689 Executing VM operation: Cleanup
Event: 109.689 Executing VM operation: Cleanup done
Event: 110.699 Executing VM operation: Cleanup
Event: 110.699 Executing VM operation: Cleanup done
Event: 116.750 Executing VM operation: Cleanup
Event: 116.751 Executing VM operation: Cleanup done
Event: 117.047 Executing VM operation: HandshakeAllThreads
Event: 117.047 Executing VM operation: HandshakeAllThreads done
Event: 118.061 Executing VM operation: Cleanup
Event: 118.061 Executing VM operation: Cleanup done
Event: 119.073 Executing VM operation: Cleanup
Event: 119.073 Executing VM operation: Cleanup done
Event: 120.086 Executing VM operation: Cleanup
Event: 120.087 Executing VM operation: Cleanup done
Event: 120.616 Executing VM operation: HandshakeAllThreads
Event: 120.616 Executing VM operation: HandshakeAllThreads done
Event: 121.627 Executing VM operation: Cleanup
Event: 121.627 Executing VM operation: Cleanup done

Events (20 events):
Event: 92.532 loading class java/text/StringCharacterIterator done
Event: 92.650 loading class java/io/NotSerializableException
Event: 92.650 loading class java/io/NotSerializableException done
Event: 93.010 loading class java/util/AbstractList$ListItr
Event: 93.010 loading class java/util/AbstractList$ListItr done
Event: 93.706 loading class java/util/AbstractList$RandomAccessSubList
Event: 93.727 loading class java/util/AbstractList$SubList
Event: 93.727 loading class java/util/AbstractList$SubList done
Event: 93.727 loading class java/util/AbstractList$RandomAccessSubList done
Event: 94.456 loading class java/util/function/IntUnaryOperator
Event: 94.456 loading class java/util/function/IntUnaryOperator done
Event: 94.620 loading class java/util/AbstractList$SubList$1
Event: 94.620 loading class java/util/AbstractList$SubList$1 done
Event: 98.462 Thread 0x000002114212c640 Thread exited: 0x000002114212c640
Event: 119.773 loading class java/util/IdentityHashMap$KeyIterator
Event: 119.773 loading class java/util/IdentityHashMap$IdentityHashMapIterator
Event: 119.866 loading class java/util/IdentityHashMap$IdentityHashMapIterator done
Event: 119.866 loading class java/util/IdentityHashMap$KeyIterator done
Event: 119.866 Thread 0x000002114212da80 Thread exited: 0x000002114212da80
Event: 121.359 Thread 0x000002114212da80 Thread added: 0x000002114212da80


Dynamic libraries:
0x00007ff63c640000 - 0x00007ff63c64a000 	C:\Program Files\Android\Android Studio\jbr\bin\java.exe
0x00007ffe3fe70000 - 0x00007ffe40068000 	C:\WINDOWS\SYSTEM32\ntdll.dll
0x00007ffe3faa0000 - 0x00007ffe3fb62000 	C:\WINDOWS\System32\KERNEL32.DLL
0x00007ffe3d720000 - 0x00007ffe3da1e000 	C:\WINDOWS\System32\KERNELBASE.dll
0x00007ffe3da90000 - 0x00007ffe3db90000 	C:\WINDOWS\System32\ucrtbase.dll
0x00007ffe37a20000 - 0x00007ffe37a3b000 	C:\Program Files\Android\Android Studio\jbr\bin\VCRUNTIME140.dll
0x00007ffe34880000 - 0x00007ffe34897000 	C:\Program Files\Android\Android Studio\jbr\bin\jli.dll
0x00007ffe3e980000 - 0x00007ffe3eb1d000 	C:\WINDOWS\System32\USER32.dll
0x00007ffe3d5c0000 - 0x00007ffe3d5e2000 	C:\WINDOWS\System32\win32u.dll
0x00007ffe3ef10000 - 0x00007ffe3ef3b000 	C:\WINDOWS\System32\GDI32.dll
0x00007ffe3dd70000 - 0x00007ffe3de87000 	C:\WINDOWS\System32\gdi32full.dll
0x00007ffe3d680000 - 0x00007ffe3d71d000 	C:\WINDOWS\System32\msvcp_win.dll
0x00007ffe26d80000 - 0x00007ffe2701a000 	C:\WINDOWS\WinSxS\amd64_microsoft.windows.common-controls_6595b64144ccf1df_6.0.19041.4355_none_60b8b9eb71f62e16\COMCTL32.dll
0x00007ffe3e750000 - 0x00007ffe3e7ee000 	C:\WINDOWS\System32\msvcrt.dll
0x00007ffe3fdf0000 - 0x00007ffe3fe1f000 	C:\WINDOWS\System32\IMM32.DLL
0x00007ffe3a610000 - 0x00007ffe3a61c000 	C:\Program Files\Android\Android Studio\jbr\bin\vcruntime140_1.dll
0x00007ffe331c0000 - 0x00007ffe3324d000 	C:\Program Files\Android\Android Studio\jbr\bin\msvcp140.dll
0x00007ffddc6b0000 - 0x00007ffddd333000 	C:\Program Files\Android\Android Studio\jbr\bin\server\jvm.dll
0x00007ffe3f620000 - 0x00007ffe3f6d1000 	C:\WINDOWS\System32\ADVAPI32.dll
0x00007ffe3ebd0000 - 0x00007ffe3ec6f000 	C:\WINDOWS\System32\sechost.dll
0x00007ffe3f020000 - 0x00007ffe3f143000 	C:\WINDOWS\System32\RPCRT4.dll
0x00007ffe3db90000 - 0x00007ffe3dbb7000 	C:\WINDOWS\System32\bcrypt.dll
0x00007ffe3d3f0000 - 0x00007ffe3d43b000 	C:\WINDOWS\SYSTEM32\POWRPROF.dll
0x00007ffe3b460000 - 0x00007ffe3b469000 	C:\WINDOWS\SYSTEM32\WSOCK32.dll
0x00007ffe28380000 - 0x00007ffe283a7000 	C:\WINDOWS\SYSTEM32\WINMM.dll
0x00007ffe31b90000 - 0x00007ffe31b9a000 	C:\WINDOWS\SYSTEM32\VERSION.dll
0x00007ffe3e910000 - 0x00007ffe3e97b000 	C:\WINDOWS\System32\ws2_32.DLL
0x00007ffe3d350000 - 0x00007ffe3d362000 	C:\WINDOWS\SYSTEM32\UMPDC.dll
0x00007ffe3bd80000 - 0x00007ffe3bd92000 	C:\WINDOWS\SYSTEM32\kernel.appcore.dll
0x00007ffe39410000 - 0x00007ffe3941a000 	C:\Program Files\Android\Android Studio\jbr\bin\jimage.dll
0x00007ffe3b100000 - 0x00007ffe3b2e4000 	C:\WINDOWS\SYSTEM32\DBGHELP.DLL
0x00007ffe278e0000 - 0x00007ffe27914000 	C:\WINDOWS\SYSTEM32\dbgcore.DLL
0x00007ffe3d5f0000 - 0x00007ffe3d672000 	C:\WINDOWS\System32\bcryptPrimitives.dll
0x00007ffe34f40000 - 0x00007ffe34f4e000 	C:\Program Files\Android\Android Studio\jbr\bin\instrument.dll
0x00007ffe381d0000 - 0x00007ffe381f5000 	C:\Program Files\Android\Android Studio\jbr\bin\java.dll
0x00007ffe37d20000 - 0x00007ffe37d38000 	C:\Program Files\Android\Android Studio\jbr\bin\zip.dll
0x00007ffe3dfe0000 - 0x00007ffe3e74d000 	C:\WINDOWS\System32\SHELL32.dll
0x00007ffe3b470000 - 0x00007ffe3bc14000 	C:\WINDOWS\SYSTEM32\windows.storage.dll
0x00007ffe3f740000 - 0x00007ffe3fa93000 	C:\WINDOWS\System32\combase.dll
0x00007ffe3ce70000 - 0x00007ffe3ce9e000 	C:\WINDOWS\SYSTEM32\Wldp.dll
0x00007ffe3fb70000 - 0x00007ffe3fc3d000 	C:\WINDOWS\System32\OLEAUT32.dll
0x00007ffe3ee00000 - 0x00007ffe3eead000 	C:\WINDOWS\System32\SHCORE.dll
0x00007ffe3f5c0000 - 0x00007ffe3f615000 	C:\WINDOWS\System32\shlwapi.dll
0x00007ffe3d440000 - 0x00007ffe3d464000 	C:\WINDOWS\SYSTEM32\profapi.dll
0x00007ffe379e0000 - 0x00007ffe379f9000 	C:\Program Files\Android\Android Studio\jbr\bin\net.dll
0x00007ffe35040000 - 0x00007ffe3514d000 	C:\WINDOWS\SYSTEM32\WINHTTP.dll
0x00007ffe3cbd0000 - 0x00007ffe3cc3a000 	C:\WINDOWS\system32\mswsock.dll
0x00007ffe37390000 - 0x00007ffe373a6000 	C:\Program Files\Android\Android Studio\jbr\bin\nio.dll
0x00007ffe372b0000 - 0x00007ffe372c0000 	C:\Program Files\Android\Android Studio\jbr\bin\verify.dll
0x00007ffe20bc0000 - 0x00007ffe20be7000 	C:\Users\HP\.gradle\native\c067742578af261105cb4f569cf0c3c89f3d7b1fecec35dd04571415982c5e48\windows-amd64\native-platform.dll
0x00007ffe0a6a0000 - 0x00007ffe0a7e4000 	C:\Users\HP\.gradle\native\38dada09dfb8b06ba9b0570ebf7e218e3eb74d4ef43ca46872605cf95ebc2f47\windows-amd64\native-platform-file-events.dll
0x00007ffe379d0000 - 0x00007ffe379d9000 	C:\Program Files\Android\Android Studio\jbr\bin\management.dll
0x00007ffe37380000 - 0x00007ffe3738b000 	C:\Program Files\Android\Android Studio\jbr\bin\management_ext.dll
0x00007ffe3fe20000 - 0x00007ffe3fe28000 	C:\WINDOWS\System32\PSAPI.DLL
0x00007ffe3cdd0000 - 0x00007ffe3cde8000 	C:\WINDOWS\SYSTEM32\CRYPTSP.dll
0x00007ffe3c4f0000 - 0x00007ffe3c524000 	C:\WINDOWS\system32\rsaenh.dll
0x00007ffe3d370000 - 0x00007ffe3d39e000 	C:\WINDOWS\SYSTEM32\USERENV.dll
0x00007ffe3cdc0000 - 0x00007ffe3cdcc000 	C:\WINDOWS\SYSTEM32\CRYPTBASE.dll
0x00007ffe3c8b0000 - 0x00007ffe3c8eb000 	C:\WINDOWS\SYSTEM32\IPHLPAPI.DLL
0x00007ffe3ed00000 - 0x00007ffe3ed08000 	C:\WINDOWS\System32\NSI.dll
0x00007ffe36da0000 - 0x00007ffe36db7000 	C:\WINDOWS\SYSTEM32\dhcpcsvc6.DLL
0x00007ffe36d80000 - 0x00007ffe36d9d000 	C:\WINDOWS\SYSTEM32\dhcpcsvc.DLL
0x00007ffe3c8f0000 - 0x00007ffe3c9ba000 	C:\WINDOWS\SYSTEM32\DNSAPI.dll
0x00007ffe38050000 - 0x00007ffe38057000 	C:\WINDOWS\system32\wshunix.dll

dbghelp: loaded successfully - version: 4.0.5 - missing functions: none
symbol engine: initialized successfully - sym options: 0x614 - pdb path: .;C:\Program Files\Android\Android Studio\jbr\bin;C:\WINDOWS\SYSTEM32;C:\WINDOWS\WinSxS\amd64_microsoft.windows.common-controls_6595b64144ccf1df_6.0.19041.4355_none_60b8b9eb71f62e16;C:\Program Files\Android\Android Studio\jbr\bin\server;C:\Users\HP\.gradle\native\c067742578af261105cb4f569cf0c3c89f3d7b1fecec35dd04571415982c5e48\windows-amd64;C:\Users\HP\.gradle\native\38dada09dfb8b06ba9b0570ebf7e218e3eb74d4ef43ca46872605cf95ebc2f47\windows-amd64

VM Arguments:
jvm_args: --add-opens=java.base/java.util=ALL-UNNAMED --add-opens=java.base/java.lang=ALL-UNNAMED --add-opens=java.base/java.lang.invoke=ALL-UNNAMED --add-opens=java.prefs/java.util.prefs=ALL-UNNAMED --add-opens=java.base/java.nio.charset=ALL-UNNAMED --add-opens=java.base/java.net=ALL-UNNAMED --add-opens=java.base/java.util.concurrent.atomic=ALL-UNNAMED -Xmx2048m -Dfile.encoding=UTF-8 -Duser.country=US -Duser.language=en -Duser.variant -javaagent:C:\Users\HP\.gradle\wrapper\dists\gradle-8.4-bin\1w5dpkrfk8irigvoxmyhowfim\gradle-8.4\lib\agents\gradle-instrumentation-agent-8.4.jar 
java_command: org.gradle.launcher.daemon.bootstrap.GradleDaemon 8.4
java_class_path (initial): C:\Users\HP\.gradle\wrapper\dists\gradle-8.4-bin\1w5dpkrfk8irigvoxmyhowfim\gradle-8.4\lib\gradle-launcher-8.4.jar
Launcher Type: SUN_STANDARD

[Global flags]
     intx CICompilerCount                          = 3                                         {product} {ergonomic}
     uint ConcGCThreads                            = 1                                         {product} {ergonomic}
     uint G1ConcRefinementThreads                  = 4                                         {product} {ergonomic}
   size_t G1HeapRegionSize                         = 1048576                                   {product} {ergonomic}
    uintx GCDrainStackTargetSize                   = 64                                        {product} {ergonomic}
   size_t InitialHeapSize                          = 134217728                                 {product} {ergonomic}
   size_t MarkStackSize                            = 4194304                                   {product} {ergonomic}
   size_t MaxHeapSize                              = 2147483648                                {product} {command line}
   size_t MaxNewSize                               = 1287651328                                {product} {ergonomic}
   size_t MinHeapDeltaBytes                        = 1048576                                   {product} {ergonomic}
   size_t MinHeapSize                              = 8388608                                   {product} {ergonomic}
    uintx NonNMethodCodeHeapSize                   = 5832780                                {pd product} {ergonomic}
    uintx NonProfiledCodeHeapSize                  = 122912730                              {pd product} {ergonomic}
    uintx ProfiledCodeHeapSize                     = 122912730                              {pd product} {ergonomic}
    uintx ReservedCodeCacheSize                    = 251658240                              {pd product} {ergonomic}
     bool SegmentedCodeCache                       = true                                      {product} {ergonomic}
   size_t SoftMaxHeapSize                          = 2147483648                             {manageable} {ergonomic}
     bool UseCompressedClassPointers               = true                           {product lp64_product} {ergonomic}
     bool UseCompressedOops                        = true                           {product lp64_product} {ergonomic}
     bool UseG1GC                                  = true                                      {product} {ergonomic}
     bool UseLargePagesIndividualAllocation        = false                                  {pd product} {ergonomic}

Logging:
Log output configuration:
 #0: stdout all=warning uptime,level,tags
 #1: stderr all=off uptime,level,tags

Environment Variables:
PATH=E:\VMware\VMware Workstation\bin\;C:\Program Files\Common Files\Oracle\Java\javapath;C:\Program Files\Microsoft MPI\Bin\;C:\WINDOWS\system32;C:\WINDOWS;C:\WINDOWS\System32\Wbem;C:\WINDOWS\System32\WindowsPowerShell\v1.0\;C:\WINDOWS\System32\OpenSSH\;C:\Program Files\Microsoft SQL Server\150\Tools\Binn\;C:\Program Files (x86)\Microsoft SQL Server\160\Tools\Binn\;C:\Program Files\Microsoft SQL Server\160\Tools\Binn\;C:\Program Files\Microsoft SQL Server\Client SDK\ODBC\170\Tools\Binn\;C:\Program Files\Microsoft SQL Server\160\DTS\Binn\;C:\Program Files (x86)\Microsoft SQL Server\160\DTS\Binn\;C:\Program Files\Azure Data Studio\bin;C:\Program Files\dotnet\;E:\Git\cmd;C:\Program Files\nodejs\;C:\Users\HP\AppData\Local\Programs\Python\Python312\Scripts\;C:\Users\HP\AppData\Local\Programs\Python\Python312\;C:\Users\HP\AppData\Local\Microsoft\WindowsApps;C:\Program Files\Azure Data Studio\bin;D:\Microsoft VS Code\bin;C:\Users\HP\.dotnet\tools;C:\Program Files\JetBrains\PyCharm Community Edition 2024.2.1\bin;;C:\Users\HP\AppData\Roaming\npm
USERNAME=HP
OS=Windows_NT
PROCESSOR_IDENTIFIER=Intel64 Family 6 Model 78 Stepping 3, GenuineIntel
TMP=C:\Users\HP\AppData\Local\Temp
TEMP=C:\Users\HP\AppData\Local\Temp



Periodic native trim disabled

JNI global refs:
JNI global refs: 26, weak refs: 5

JNI global refs memory usage: 843, weak refs: 841

OOME stack traces (most recent first):
Classloader memory used:
Loader org.gradle.internal.classloader.VisitableURLClassLoader                         : 9373K
Loader bootstrap                                                                       : 2542K
Loader org.gradle.initialization.MixInLegacyTypesClassLoader                           : 1049K
Loader org.gradle.internal.classloader.VisitableURLClassLoader$InstrumentingVisitableURLClassLoader: 101300B
Loader org.gradle.internal.classloader.VisitableURLClassLoader                         : 84516B
Loader jdk.internal.loader.ClassLoaders$PlatformClassLoader                            : 65025B
Loader jdk.internal.jrtfs.JrtFileSystemProvider$JrtFsLoader                            : 41163B
Loader jdk.internal.reflect.DelegatingClassLoader                                      : 34817B
Loader jdk.internal.loader.ClassLoaders$AppClassLoader                                 : 28460B
Loader org.gradle.groovy.scripts.internal.DefaultScriptCompilationHandler$ScriptClassLoader: 10771B
Loader org.codehaus.groovy.runtime.callsite.CallSiteClassLoader                        : 6362B

Classes loaded by more than one classloader:
Class org.gradle.internal.Cast                                                        : loaded 3 times (x 69B)
Class Program                                                                         : loaded 3 times (x 70B)
Class org.gradle.api.GradleException                                                  : loaded 3 times (x 80B)
Class org.gradle.internal.classpath.ClassPath                                         : loaded 2 times (x 68B)
Class org.gradle.api.internal.classpath.DefaultModuleRegistry                         : loaded 2 times (x 84B)
Class org.gradle.internal.exceptions.NonGradleCauseExceptionsHolder                   : loaded 2 times (x 68B)
Class Settings_gradle$1$1                                                             : loaded 2 times (x 72B)
Class com.intellij.openapi.externalSystem.model.ExternalSystemException               : loaded 2 times (x 84B)
Class jdk.internal.jimage.BasicImageReader$1                                          : loaded 2 times (x 75B)
Class org.gradle.api.Action                                                           : loaded 2 times (x 68B)
Class org.jetbrains.kotlin.idea.gradleTooling.model.samWithReceiver.SamWithReceiverModel: loaded 2 times (x 68B)
Class org.jetbrains.plugins.gradle.model.ExternalProject                              : loaded 2 times (x 68B)
Class org.jetbrains.plugins.gradle.model.IntelliJSettings                             : loaded 2 times (x 68B)
Class jdk.internal.jimage.ImageBufferCache$1                                          : loaded 2 times (x 78B)
Class jdk.internal.jimage.ImageBufferCache$2                                          : loaded 2 times (x 89B)
Class org.jetbrains.kotlin.idea.gradleTooling.KotlinMPPGradleModel                    : loaded 2 times (x 68B)
Class org.gradle.api.internal.DefaultClassPathProvider                                : loaded 2 times (x 74B)
Class org.gradle.internal.installation.GradleInstallation$1                           : loaded 2 times (x 73B)
Class jdk.internal.jrtfs.SystemImage$1                                                : loaded 2 times (x 76B)
Class jdk.internal.jrtfs.SystemImage$2                                                : loaded 2 times (x 74B)
Class sync_studio_tooling8_ani6aa083a4ad7xrdgsf5vtg3                                  : loaded 2 times (x 177B)
Class org.gradle.internal.exceptions.DefaultMultiCauseException                       : loaded 2 times (x 89B)
Class org.gradle.tooling.model.UnsupportedMethodException                             : loaded 2 times (x 80B)
Class org.gradle.internal.time.MonotonicClock                                         : loaded 2 times (x 75B)
Class org.gradle.internal.classloader.FilteringClassLoader                            : loaded 2 times (x 103B)
Class jdk.internal.jimage.ImageReader$Resource                                        : loaded 2 times (x 82B)
Class jdk.internal.jrtfs.SystemImage                                                  : loaded 2 times (x 72B)
Class org.gradle.tooling.model.Model                                                  : loaded 2 times (x 68B)
Class org.gradle.internal.classpath.DefaultClassPath$ImmutableUniqueList$Builder      : loaded 2 times (x 73B)
Class org.jetbrains.kotlin.idea.gradleTooling.KotlinSourceSetContainer                : loaded 2 times (x 68B)
Class jdk.internal.jrtfs.JrtDirectoryStream$1                                         : loaded 2 times (x 81B)
Class org.gradle.internal.classloader.ClassLoaderVisitor                              : loaded 2 times (x 74B)
Class org.gradle.internal.time.DefaultCountdownTimer                                  : loaded 2 times (x 86B)
Class org.gradle.internal.service.DefaultServiceLocator                               : loaded 2 times (x 81B)
Class org.gradle.internal.service.UnknownServiceException                             : loaded 2 times (x 81B)
Class org.jetbrains.plugins.gradle.model.DependencyAccessorsModel                     : loaded 2 times (x 68B)
Class org.gradle.internal.classloader.DefaultClassLoaderFactory                       : loaded 2 times (x 80B)
Class jdk.internal.jimage.ImageReader$SharedImageReader                               : loaded 2 times (x 93B)
Class org.jetbrains.plugins.gradle.model.GradleExtensions                             : loaded 2 times (x 68B)
Class jdk.internal.jimage.decompressor.ZipDecompressorFactory                         : loaded 2 times (x 72B)
Class org.jetbrains.plugins.gradle.model.VersionCatalogsModel                         : loaded 2 times (x 68B)
Class org.gradle.internal.classloader.VisitableURLClassLoader$Spec                    : loaded 2 times (x 72B)
Class org.gradle.tooling.model.ProjectModel                                           : loaded 2 times (x 68B)
Class org.jetbrains.plugins.gradle.model.MavenRepositoryModel                         : loaded 2 times (x 68B)
Class org.gradle.tooling.internal.gradle.DefaultProjectIdentifier                     : loaded 2 times (x 84B)
Class org.gradle.util.GradleVersion                                                   : loaded 2 times (x 81B)
Class org.jetbrains.plugins.gradle.model.RepositoriesModel                            : loaded 2 times (x 68B)
Class kotlin.jvm.internal.markers.KMappedMarker                                       : loaded 2 times (x 68B)
Class org.gradle.api.internal.ClassPathProvider                                       : loaded 2 times (x 68B)
Class org.gradle.internal.classloader.ClasspathUtil$1                                 : loaded 2 times (x 74B)
Class org.gradle.internal.classloader.ClassLoaderFactory                              : loaded 2 times (x 68B)
Class jdk.internal.jimage.ImageHeader                                                 : loaded 2 times (x 69B)
Class org.gradle.api.internal.classpath.ManifestUtil                                  : loaded 2 times (x 69B)
Class org.gradle.api.specs.Spec                                                       : loaded 2 times (x 68B)
Class org.gradle.tooling.internal.gradle.GradleBuildIdentity                          : loaded 2 times (x 68B)
Class org.gradle.internal.IoActions                                                   : loaded 2 times (x 69B)
Class jdk.internal.jimage.decompressor.StringSharingDecompressorFactory               : loaded 2 times (x 72B)
Class org.gradle.api.internal.classpath.EffectiveClassPath                            : loaded 2 times (x 88B)
Class kotlin.jvm.internal.DefaultConstructorMarker                                    : loaded 2 times (x 69B)
Class org.jetbrains.kotlin.idea.gradleTooling.model.annotation.AnnotationBasedPluginModel: loaded 2 times (x 68B)
Class org.jetbrains.kotlin.idea.gradleTooling.model.assignment.AssignmentModel        : loaded 2 times (x 68B)
Class org.gradle.internal.installation.CurrentGradleInstallation                      : loaded 2 times (x 71B)
Class org.gradle.internal.agents.InstrumentingClassLoader                             : loaded 2 times (x 68B)
Class org.gradle.internal.installation.CurrentGradleInstallationLocator               : loaded 2 times (x 69B)
Class org.gradle.api.internal.classpath.Module                                        : loaded 2 times (x 68B)
Class org.gradle.internal.service.CachingServiceLocator                               : loaded 2 times (x 80B)
Class org.gradle.internal.time.Timer                                                  : loaded 2 times (x 68B)
Class org.jetbrains.plugins.gradle.model.tests.ExternalTestsModel                     : loaded 2 times (x 68B)
Class org.jetbrains.kotlin.idea.gradleTooling.KotlinDslScriptAdditionalTask           : loaded 2 times (x 68B)
Class org.gradle.internal.classpath.DefaultClassPath                                  : loaded 2 times (x 88B)
Class jdk.internal.jimage.BasicImageReader                                            : loaded 2 times (x 93B)
Class com.intellij.openapi.externalSystem.model.project.dependencies.ProjectDependencies: loaded 2 times (x 68B)
Class org.jetbrains.kotlin.idea.gradleTooling.PrepareKotlinIdeImportTaskModel         : loaded 2 times (x 68B)
Class ijInit1_583rg5s0srppob1w8gtbg54mn                                               : loaded 2 times (x 177B)
Class jdk.internal.jimage.ImageLocation                                               : loaded 2 times (x 88B)
Class org.gradle.internal.impldep.com.google.common.base.Preconditions                : loaded 2 times (x 69B)
Class kotlin.jvm.functions.Function1                                                  : loaded 2 times (x 68B)
Class jdk.internal.jimage.ImageReader$Node                                            : loaded 2 times (x 82B)
Class org.gradle.internal.time.Time                                                   : loaded 2 times (x 69B)
Class jdk.internal.jimage.decompressor.CompressedResourceHeader                       : loaded 2 times (x 69B)
Class org.gradle.internal.time.TimeSource$1                                           : loaded 2 times (x 75B)
Class jdk.internal.jrtfs.JrtPath                                                      : loaded 2 times (x 116B)
Class jdk.internal.jimage.ImageStrings                                                : loaded 2 times (x 68B)
Class jdk.internal.jrtfs.JrtFileAttributes                                            : loaded 2 times (x 81B)
Class org.gradle.internal.classloader.SystemClassLoaderSpec                           : loaded 2 times (x 69B)
Class jdk.internal.jimage.decompressor.ResourceDecompressorRepository                 : loaded 2 times (x 69B)
Class kotlin.Function                                                                 : loaded 2 times (x 68B)
Class org.gradle.api.UncheckedIOException                                             : loaded 2 times (x 80B)
Class jdk.internal.jimage.decompressor.ResourceDecompressor$StringsProvider           : loaded 2 times (x 68B)
Class org.gradle.api.internal.classpath.ModuleRegistry                                : loaded 2 times (x 68B)
Class jdk.internal.jimage.decompressor.Decompressor                                   : loaded 2 times (x 70B)
Class jdk.internal.jrtfs.JrtFileSystem                                                : loaded 2 times (x 100B)
Class org.gradle.tooling.internal.gradle.GradleProjectIdentity                        : loaded 2 times (x 68B)
Class jdk.internal.jrtfs.JrtFileSystemProvider                                        : loaded 2 times (x 97B)
Class org.gradle.internal.time.CountdownTimer                                         : loaded 2 times (x 68B)
Class org.gradle.internal.time.Clock                                                  : loaded 2 times (x 68B)
Class org.gradle.internal.classloader.ClasspathUtil                                   : loaded 2 times (x 69B)
Class jdk.internal.jrtfs.JrtDirectoryStream                                           : loaded 2 times (x 87B)
Class org.gradle.tooling.model.BuildIdentifier                                        : loaded 2 times (x 68B)
Class jdk.internal.jimage.decompressor.ResourceDecompressor                           : loaded 2 times (x 68B)
Class org.gradle.api.internal.DefaultClassPathRegistry                                : loaded 2 times (x 74B)
Class org.gradle.api.internal.classpath.DefaultModuleRegistry$DefaultModule           : loaded 2 times (x 84B)
Class org.gradle.internal.time.TimeSource                                             : loaded 2 times (x 68B)
Class org.jetbrains.kotlin.android.synthetic.idea.AndroidExtensionsGradleModel        : loaded 2 times (x 68B)
Class org.gradle.api.internal.classpath.UnknownModuleException                        : loaded 2 times (x 80B)
Class org.jetbrains.plugins.gradle.model.IntelliJProjectSettings                      : loaded 2 times (x 68B)
Class org.gradle.internal.service.ServiceLookupException                              : loaded 2 times (x 80B)
Class jdk.internal.jimage.ImageStringsReader                                          : loaded 2 times (x 78B)
Class org.gradle.cache.GlobalCache                                                    : loaded 2 times (x 68B)
Class jdk.internal.jimage.decompressor.ResourceDecompressorFactory                    : loaded 2 times (x 72B)
Class org.jetbrains.kotlin.idea.gradleTooling.model.lombok.LombokModel                : loaded 2 times (x 68B)
Class org.gradle.tooling.model.ProjectIdentifier                                      : loaded 2 times (x 68B)
Class [Lorg.gradle.api.internal.ClassPathProvider;                                    : loaded 2 times (x 67B)
Class jdk.internal.jimage.ImageReader$SharedImageReader$LocationVisitor               : loaded 2 times (x 68B)
Class org.gradle.internal.operations.MultipleBuildOperationFailures                   : loaded 2 times (x 89B)
Class org.gradle.util.internal.GUtil                                                  : loaded 2 times (x 69B)
Class jdk.internal.jimage.decompressor.ZipDecompressor                                : loaded 2 times (x 73B)
Class org.jetbrains.plugins.gradle.model.AnnotationProcessingModel                    : loaded 2 times (x 68B)
Class org.gradle.internal.classloader.ClassLoaderSpec                                 : loaded 2 times (x 69B)
Class org.jetbrains.plugins.gradle.model.BuildScriptClasspathModel                    : loaded 2 times (x 68B)
Class org.gradle.internal.classloader.VisitableURLClassLoader                         : loaded 2 times (x 115B)
Class org.gradle.internal.installation.GradleInstallation                             : loaded 2 times (x 73B)
Class org.gradle.api.internal.ClassPathRegistry                                       : loaded 2 times (x 68B)
Class org.gradle.internal.classloader.VisitableURLClassLoader$InstrumentingVisitableURLClassLoader: loaded 2 times (x 121B)
Class org.gradle.internal.classloader.ClassLoaderHierarchy                            : loaded 2 times (x 68B)
Class org.gradle.internal.exceptions.MultiCauseException                              : loaded 2 times (x 68B)
Class jdk.internal.jimage.ImageReader                                                 : loaded 2 times (x 73B)
Class org.jetbrains.kotlin.idea.gradleTooling.model.parcelize.ParcelizeGradleModel    : loaded 2 times (x 68B)
Class org.gradle.internal.InternalTransformer                                         : loaded 2 times (x 68B)
Class org.jetbrains.kotlin.idea.gradleTooling.model.noarg.NoArgModel                  : loaded 2 times (x 68B)
Class org.jetbrains.kotlin.idea.gradleTooling.KotlinGradleModel                       : loaded 2 times (x 68B)
Class org.gradle.tooling.internal.gradle.DefaultBuildIdentifier                       : loaded 2 times (x 77B)
Class org.gradle.internal.service.ServiceLocator                                      : loaded 2 times (x 68B)
Class Settings_gradle$1                                                               : loaded 2 times (x 72B)
Class org.jetbrains.kotlin.idea.gradleTooling.model.allopen.AllOpenModel              : loaded 2 times (x 68B)
Class org.gradle.internal.classpath.DefaultClassPath$ImmutableUniqueList              : loaded 2 times (x 159B)
Class jdk.internal.jimage.ImageBufferCache                                            : loaded 2 times (x 69B)
Class org.gradle.internal.time.DefaultTimer                                           : loaded 2 times (x 78B)
Class org.gradle.internal.classpath.TransformedClassPath                              : loaded 2 times (x 94B)
Class Settings_gradle                                                                 : loaded 2 times (x 126B)
Class sync_studio_tooling8_ani6aa083a4ad7xrdgsf5vtg3$_run_closure1                    : loaded 2 times (x 137B)
Class jdk.internal.jimage.ImageReader$Directory                                       : loaded 2 times (x 82B)


---------------  S Y S T E M  ---------------

OS:
 Windows 10 , 64 bit Build 19041 (10.0.19041.5072)
OS uptime: 3 days 4:05 hours

CPU: total 4 (initial active 4) (2 cores per cpu, 2 threads per core) family 6 model 78 stepping 3 microcode 0xcc, cx8, cmov, fxsr, ht, mmx, 3dnowpref, sse, sse2, sse3, ssse3, sse4.1, sse4.2, popcnt, lzcnt, tsc, tscinvbit, avx, avx2, aes, erms, clmul, bmi1, bmi2, adx, fma, vzeroupper, clflush, clflushopt
Processor Information for all 4 processors :
  Max Mhz: 2401, Current Mhz: 2200, Mhz Limit: 2184

Memory: 4k page, system-wide physical 8084M (55M free)
TotalPageFile size 12084M (AvailPageFile size 7M)
current process WorkingSet (physical memory assigned to process): 402M, peak: 414M
current process commit charge ("private bytes"): 454M, peak: 454M

vm_info: OpenJDK 64-Bit Server VM (17.0.9+0--11185874) for windows-amd64 JRE (17.0.9+0--11185874), built on Dec  6 2023 18:57:44 by "androidbuild" with MS VC++ 16.10 / 16.11 (VS2019)

END.
