#
# There is insufficient memory for the Java Runtime Environment to continue.
# Native memory allocation (malloc) failed to allocate 32744 bytes for ChunkPool::allocate
# Possible reasons:
#   The system is out of physical RAM or swap space
#   The process is running with CompressedOops enabled, and the Java Heap may be blocking the growth of the native heap
# Possible solutions:
#   Reduce memory load on the system
#   Increase physical memory or swap space
#   Check if swap backing store is full
#   Decrease Java heap size (-Xmx/-Xms)
#   Decrease number of Java threads
#   Decrease Java thread stack sizes (-Xss)
#   Set larger code cache with -XX:ReservedCodeCacheSize=
#   JVM is running with Unscaled Compressed Oops mode in which the Java heap is
#     placed in the first 4GB address space. The Java Heap base address is the
#     maximum limit for the native heap growth. Please use -XX:HeapBaseMinAddress
#     to set the Java Heap base and to place the Java Heap above 4GB virtual address.
# This output file may be truncated or incomplete.
#
#  Out of Memory Error (arena.cpp:79), pid=4572, tid=14524
#
# JRE version: OpenJDK Runtime Environment (17.0.9) (build 17.0.9+0--11185874)
# Java VM: OpenJDK 64-Bit Server VM (17.0.9+0--11185874, mixed mode, tiered, compressed oops, compressed class ptrs, g1 gc, windows-amd64)
# No core dump will be written. Minidumps are not enabled by default on client versions of Windows
#

---------------  S U M M A R Y ------------

Command Line: --add-opens=java.base/java.util=ALL-UNNAMED --add-opens=java.base/java.lang=ALL-UNNAMED --add-opens=java.base/java.lang.invoke=ALL-UNNAMED --add-opens=java.prefs/java.util.prefs=ALL-UNNAMED --add-opens=java.base/java.nio.charset=ALL-UNNAMED --add-opens=java.base/java.net=ALL-UNNAMED --add-opens=java.base/java.util.concurrent.atomic=ALL-UNNAMED -Xmx2048m -Dfile.encoding=UTF-8 -Duser.country=US -Duser.language=en -Duser.variant -javaagent:C:\Users\HP\.gradle\wrapper\dists\gradle-8.4-bin\1w5dpkrfk8irigvoxmyhowfim\gradle-8.4\lib\agents\gradle-instrumentation-agent-8.4.jar org.gradle.launcher.daemon.bootstrap.GradleDaemon 8.4

Host: Intel(R) Core(TM) i5-6200U CPU @ 2.30GHz, 4 cores, 7G,  Windows 10 , 64 bit Build 19041 (10.0.19041.5072)
Time: Fri Dec  6 15:47:38 2024 SE Asia Standard Time elapsed time: 83.487054 seconds (0d 0h 1m 23s)

---------------  T H R E A D  ---------------

Current thread (0x0000018edc02d530):  JavaThread "C2 CompilerThread0" daemon [_thread_in_native, id=14524, stack(0x0000006a4af00000,0x0000006a4b000000)]


Current CompileTask:
C2:  83487 4921   !   4       java.io.ObjectOutputStream::writeObject0 (620 bytes)

Stack: [0x0000006a4af00000,0x0000006a4b000000]
Native frames: (J=compiled Java code, j=interpreted, Vv=VM code, C=native code)
V  [jvm.dll+0x6886e9]
V  [jvm.dll+0x841e4a]
V  [jvm.dll+0x843a8e]
V  [jvm.dll+0x8440f3]
V  [jvm.dll+0x24c14f]
V  [jvm.dll+0xac66c]
V  [jvm.dll+0xaca9c]
V  [jvm.dll+0xac55b]
V  [jvm.dll+0x6659d6]
V  [jvm.dll+0x664344]
V  [jvm.dll+0x627c0b]
V  [jvm.dll+0x620fde]
V  [jvm.dll+0x347d99]
V  [jvm.dll+0x3508a2]
V  [jvm.dll+0x69600e]
V  [jvm.dll+0x1a99ac]
V  [jvm.dll+0x2b2984]
V  [jvm.dll+0x6a0b45]
V  [jvm.dll+0x698b0b]
V  [jvm.dll+0x698147]
V  [jvm.dll+0x696032]
V  [jvm.dll+0x1a99ac]
V  [jvm.dll+0x2b2984]
V  [jvm.dll+0x6a0b45]
V  [jvm.dll+0x698b0b]
V  [jvm.dll+0x698147]
V  [jvm.dll+0x696032]
V  [jvm.dll+0x1a99ac]
V  [jvm.dll+0x2b2984]
V  [jvm.dll+0x6a0b45]
V  [jvm.dll+0x698b0b]
V  [jvm.dll+0x698147]
V  [jvm.dll+0x696032]
V  [jvm.dll+0x1a99ac]
V  [jvm.dll+0x1aa576]
V  [jvm.dll+0x2b2984]
V  [jvm.dll+0x6a0b45]
V  [jvm.dll+0x698b0b]
V  [jvm.dll+0x698147]
V  [jvm.dll+0x696032]
V  [jvm.dll+0x1a99ac]
V  [jvm.dll+0x1aa576]
V  [jvm.dll+0x2b2984]
V  [jvm.dll+0x6a0b45]
V  [jvm.dll+0x698b0b]
V  [jvm.dll+0x698147]
V  [jvm.dll+0x696032]
V  [jvm.dll+0x1a99ac]
V  [jvm.dll+0x1aa576]
V  [jvm.dll+0x2b2984]
V  [jvm.dll+0x6a0b45]
V  [jvm.dll+0x698b0b]
V  [jvm.dll+0x698147]
V  [jvm.dll+0x696032]
V  [jvm.dll+0x1a99ac]
V  [jvm.dll+0x2b2984]
V  [jvm.dll+0x6a0b45]
V  [jvm.dll+0x698b0b]
V  [jvm.dll+0x698147]
V  [jvm.dll+0x696032]
V  [jvm.dll+0x1a99ac]
V  [jvm.dll+0x2b2984]
V  [jvm.dll+0x6a0b45]
V  [jvm.dll+0x698b0b]
V  [jvm.dll+0x698147]
V  [jvm.dll+0x696032]
V  [jvm.dll+0x1a99ac]
V  [jvm.dll+0x1aa576]
V  [jvm.dll+0x2b2984]
V  [jvm.dll+0x6a0b45]
V  [jvm.dll+0x698b0b]
V  [jvm.dll+0x698147]
V  [jvm.dll+0x696032]
V  [jvm.dll+0x1a99ac]
V  [jvm.dll+0x1aa576]
V  [jvm.dll+0x1aa576]
V  [jvm.dll+0x2b2984]
V  [jvm.dll+0x6a0b45]
V  [jvm.dll+0x698b0b]
V  [jvm.dll+0x698147]
V  [jvm.dll+0x696032]
V  [jvm.dll+0x1a99ac]
V  [jvm.dll+0x1aa576]
V  [jvm.dll+0x1aa576]
V  [jvm.dll+0x2b2984]
V  [jvm.dll+0x6a0b45]
V  [jvm.dll+0x698b0b]
V  [jvm.dll+0x698147]
V  [jvm.dll+0x696032]
V  [jvm.dll+0x1a99ac]
V  [jvm.dll+0x21cd88]
V  [jvm.dll+0x1a674d]
V  [jvm.dll+0x22d088]
V  [jvm.dll+0x22b1c0]
V  [jvm.dll+0x7f62f7]
V  [jvm.dll+0x7f06aa]
V  [jvm.dll+0x687565]
C  [ucrtbase.dll+0x21bb2]
C  [KERNEL32.DLL+0x17374]
...<more frames>...


---------------  P R O C E S S  ---------------

Threads class SMR info:
_java_thread_list=0x0000018ede619d50, length=29, elements={
0x0000018ebe78ed40, 0x0000018edc013260, 0x0000018ed7d638d0, 0x0000018edc025010,
0x0000018edc0278f0, 0x0000018edc028960, 0x0000018edc0299d0, 0x0000018edc02d530,
0x0000018edc04ff90, 0x0000018edc05ac90, 0x0000018edc14fed0, 0x0000018edc351e70,
0x0000018edd2cb710, 0x0000018eddae7c00, 0x0000018edd6f90b0, 0x0000018edd662270,
0x0000018eddc66870, 0x0000018edc7204a0, 0x0000018edc71e640, 0x0000018edc71d200,
0x0000018edc71f060, 0x0000018edc71ccf0, 0x0000018edc71d710, 0x0000018edc71dc20,
0x0000018edde8c2f0, 0x0000018edde8aeb0, 0x0000018edde88b40, 0x0000018edde871f0,
0x0000018edde89f80
}

Java Threads: ( => current thread )
  0x0000018ebe78ed40 JavaThread "main" [_thread_blocked, id=12520, stack(0x0000006a4a200000,0x0000006a4a300000)]
  0x0000018edc013260 JavaThread "Reference Handler" daemon [_thread_blocked, id=9236, stack(0x0000006a4a900000,0x0000006a4aa00000)]
  0x0000018ed7d638d0 JavaThread "Finalizer" daemon [_thread_blocked, id=11320, stack(0x0000006a4aa00000,0x0000006a4ab00000)]
  0x0000018edc025010 JavaThread "Signal Dispatcher" daemon [_thread_blocked, id=108, stack(0x0000006a4ab00000,0x0000006a4ac00000)]
  0x0000018edc0278f0 JavaThread "Attach Listener" daemon [_thread_blocked, id=14792, stack(0x0000006a4ac00000,0x0000006a4ad00000)]
  0x0000018edc028960 JavaThread "Service Thread" daemon [_thread_blocked, id=12064, stack(0x0000006a4ad00000,0x0000006a4ae00000)]
  0x0000018edc0299d0 JavaThread "Monitor Deflation Thread" daemon [_thread_blocked, id=9536, stack(0x0000006a4ae00000,0x0000006a4af00000)]
=>0x0000018edc02d530 JavaThread "C2 CompilerThread0" daemon [_thread_in_native, id=14524, stack(0x0000006a4af00000,0x0000006a4b000000)]
  0x0000018edc04ff90 JavaThread "C1 CompilerThread0" daemon [_thread_blocked, id=8116, stack(0x0000006a4b000000,0x0000006a4b100000)]
  0x0000018edc05ac90 JavaThread "Sweeper thread" daemon [_thread_blocked, id=192, stack(0x0000006a4b100000,0x0000006a4b200000)]
  0x0000018edc14fed0 JavaThread "Common-Cleaner" daemon [_thread_blocked, id=13696, stack(0x0000006a4b200000,0x0000006a4b300000)]
  0x0000018edc351e70 JavaThread "Notification Thread" daemon [_thread_blocked, id=9280, stack(0x0000006a4b300000,0x0000006a4b400000)]
  0x0000018edd2cb710 JavaThread "Daemon health stats" [_thread_blocked, id=8120, stack(0x0000006a4b800000,0x0000006a4b900000)]
  0x0000018eddae7c00 JavaThread "Incoming local TCP Connector on port 56247" [_thread_in_native, id=13780, stack(0x0000006a4b900000,0x0000006a4ba00000)]
  0x0000018edd6f90b0 JavaThread "Daemon periodic checks" [_thread_blocked, id=14624, stack(0x0000006a4ba00000,0x0000006a4bb00000)]
  0x0000018edd662270 JavaThread "Daemon" [_thread_blocked, id=15152, stack(0x0000006a4bb00000,0x0000006a4bc00000)]
  0x0000018eddc66870 JavaThread "Daemon worker" [_thread_blocked, id=11012, stack(0x0000006a4be00000,0x0000006a4bf00000)]
  0x0000018edc7204a0 JavaThread "Cache worker for journal cache (C:\Users\HP\.gradle\caches\journal-1)" [_thread_blocked, id=8652, stack(0x0000006a4c200000,0x0000006a4c300000)]
  0x0000018edc71e640 JavaThread "File lock request listener" [_thread_in_native, id=720, stack(0x0000006a4c300000,0x0000006a4c400000)]
  0x0000018edc71d200 JavaThread "Cache worker for file hash cache (C:\Users\HP\.gradle\caches\8.4\fileHashes)" [_thread_blocked, id=7912, stack(0x0000006a4c400000,0x0000006a4c500000)]
  0x0000018edc71f060 JavaThread "File watcher server" daemon [_thread_in_native, id=11184, stack(0x0000006a4c500000,0x0000006a4c600000)]
  0x0000018edc71ccf0 JavaThread "File watcher consumer" daemon [_thread_blocked, id=4580, stack(0x0000006a4c600000,0x0000006a4c700000)]
  0x0000018edc71d710 JavaThread "jar transforms" [_thread_blocked, id=7432, stack(0x0000006a4c700000,0x0000006a4c800000)]
  0x0000018edc71dc20 JavaThread "jar transforms Thread 2" [_thread_blocked, id=14564, stack(0x0000006a4c800000,0x0000006a4c900000)]
  0x0000018edde8c2f0 JavaThread "jar transforms Thread 3" [_thread_blocked, id=9704, stack(0x0000006a4c900000,0x0000006a4ca00000)]
  0x0000018edde8aeb0 JavaThread "jar transforms Thread 4" [_thread_blocked, id=15312, stack(0x0000006a4ca00000,0x0000006a4cb00000)]
  0x0000018edde88b40 JavaThread "Cache worker for file content cache (C:\Users\HP\.gradle\caches\8.4\fileContent)" [_thread_blocked, id=9388, stack(0x0000006a4ce00000,0x0000006a4cf00000)]
  0x0000018edde871f0 JavaThread "Cache worker for execution history cache (C:\Users\HP\.gradle\caches\8.4\executionHistory)" [_thread_blocked, id=10780, stack(0x0000006a4d000000,0x0000006a4d100000)]
  0x0000018edde89f80 JavaThread "Cache worker for kotlin-dsl (C:\Users\HP\.gradle\caches\8.4\kotlin-dsl)" [_thread_blocked, id=14280, stack(0x0000006a4d100000,0x0000006a4d200000)]

Other Threads:
  0x0000018ed7d7a9e0 VMThread "VM Thread" [stack: 0x0000006a4a800000,0x0000006a4a900000] [id=4148]
  0x0000018edc352350 WatcherThread [stack: 0x0000006a4b400000,0x0000006a4b500000] [id=15188]
  0x0000018ebe7eb220 GCTaskThread "GC Thread#0" [stack: 0x0000006a4a300000,0x0000006a4a400000] [id=6776]
  0x0000018edc498530 GCTaskThread "GC Thread#1" [stack: 0x0000006a4b500000,0x0000006a4b600000] [id=3760]
  0x0000018edc4987f0 GCTaskThread "GC Thread#2" [stack: 0x0000006a4b600000,0x0000006a4b700000] [id=9228]
  0x0000018edcdba240 GCTaskThread "GC Thread#3" [stack: 0x0000006a4b700000,0x0000006a4b800000] [id=9296]
  0x0000018ebe7fc820 ConcurrentGCThread "G1 Main Marker" [stack: 0x0000006a4a400000,0x0000006a4a500000] [id=8332]
  0x0000018ebe7fd150 ConcurrentGCThread "G1 Conc#0" [stack: 0x0000006a4a500000,0x0000006a4a600000] [id=1292]
  0x0000018ebe84e6f0 ConcurrentGCThread "G1 Refine#0" [stack: 0x0000006a4a600000,0x0000006a4a700000] [id=10236]
  0x0000018ed7bc7240 ConcurrentGCThread "G1 Service" [stack: 0x0000006a4a700000,0x0000006a4a800000] [id=1084]

Threads with active compile tasks:
C2 CompilerThread0    86341 4921   !   4       java.io.ObjectOutputStream::writeObject0 (620 bytes)

VM state: not at safepoint (normal execution)

VM Mutex/Monitor currently owned by a thread: None

Heap address: 0x0000000080000000, size: 2048 MB, Compressed Oops mode: 32-bit

CDS archive(s) not mapped
Compressed class space mapped at: 0x0000000100000000-0x0000000140000000, reserved size: 1073741824
Narrow klass base: 0x0000000000000000, Narrow klass shift: 3, Narrow klass range: 0x140000000

GC Precious Log:
 CPUs: 4 total, 4 available
 Memory: 8084M
 Large Page Support: Disabled
 NUMA Support: Disabled
 Compressed Oops: Enabled (32-bit)
 Heap Region Size: 1M
 Heap Min Capacity: 8M
 Heap Initial Capacity: 128M
 Heap Max Capacity: 2G
 Pre-touch: Disabled
 Parallel Workers: 4
 Concurrent Workers: 1
 Concurrent Refinement Workers: 4
 Periodic GC: Disabled

Heap:
 garbage-first heap   total 101376K, used 59009K [0x0000000080000000, 0x0000000100000000)
  region size 1024K, 8 young (8192K), 2 survivors (2048K)
 Metaspace       used 52277K, committed 52736K, reserved 1114112K
  class space    used 6885K, committed 7104K, reserved 1048576K

Heap Regions: E=young(eden), S=young(survivor), O=old, HS=humongous(starts), HC=humongous(continues), CS=collection set, F=free, OA=open archive, CA=closed archive, TAMS=top-at-mark-start (previous, next)
|   0|0x0000000080000000, 0x0000000080100000, 0x0000000080100000|100%| O|  |TAMS 0x0000000080100000, 0x0000000080000000| Untracked 
|   1|0x0000000080100000, 0x0000000080200000, 0x0000000080200000|100%| O|  |TAMS 0x0000000080200000, 0x0000000080100000| Untracked 
|   2|0x0000000080200000, 0x0000000080300000, 0x0000000080300000|100%|HS|  |TAMS 0x0000000080300000, 0x0000000080200000| Complete 
|   3|0x0000000080300000, 0x0000000080400000, 0x0000000080400000|100%|HC|  |TAMS 0x0000000080400000, 0x0000000080300000| Complete 
|   4|0x0000000080400000, 0x0000000080500000, 0x0000000080500000|100%|HC|  |TAMS 0x0000000080500000, 0x0000000080400000| Complete 
|   5|0x0000000080500000, 0x0000000080600000, 0x0000000080600000|100%|HC|  |TAMS 0x0000000080600000, 0x0000000080500000| Complete 
|   6|0x0000000080600000, 0x0000000080700000, 0x0000000080700000|100%| O|  |TAMS 0x0000000080700000, 0x0000000080600000| Untracked 
|   7|0x0000000080700000, 0x0000000080800000, 0x0000000080800000|100%| O|  |TAMS 0x0000000080800000, 0x0000000080700000| Untracked 
|   8|0x0000000080800000, 0x0000000080900000, 0x0000000080900000|100%| O|  |TAMS 0x0000000080900000, 0x0000000080800000| Untracked 
|   9|0x0000000080900000, 0x0000000080a00000, 0x0000000080a00000|100%| O|  |TAMS 0x0000000080a00000, 0x0000000080900000| Untracked 
|  10|0x0000000080a00000, 0x0000000080a81600, 0x0000000080b00000| 50%| O|  |TAMS 0x0000000080a81600, 0x0000000080a00000| Untracked 
|  11|0x0000000080b00000, 0x0000000080c00000, 0x0000000080c00000|100%| O|  |TAMS 0x0000000080c00000, 0x0000000080b00000| Untracked 
|  12|0x0000000080c00000, 0x0000000080d00000, 0x0000000080d00000|100%| O|  |TAMS 0x0000000080d00000, 0x0000000080c00000| Untracked 
|  13|0x0000000080d00000, 0x0000000080e00000, 0x0000000080e00000|100%| O|  |TAMS 0x0000000080e00000, 0x0000000080d00000| Untracked 
|  14|0x0000000080e00000, 0x0000000080f00000, 0x0000000080f00000|100%| O|  |TAMS 0x0000000080f00000, 0x0000000080e00000| Untracked 
|  15|0x0000000080f00000, 0x0000000081000000, 0x0000000081000000|100%| O|  |TAMS 0x0000000081000000, 0x0000000080f00000| Untracked 
|  16|0x0000000081000000, 0x0000000081100000, 0x0000000081100000|100%| O|  |TAMS 0x0000000081100000, 0x0000000081000000| Untracked 
|  17|0x0000000081100000, 0x0000000081200000, 0x0000000081200000|100%| O|  |TAMS 0x0000000081200000, 0x0000000081100000| Untracked 
|  18|0x0000000081200000, 0x0000000081300000, 0x0000000081300000|100%| O|  |TAMS 0x0000000081300000, 0x0000000081200000| Untracked 
|  19|0x0000000081300000, 0x0000000081400000, 0x0000000081400000|100%|HS|  |TAMS 0x0000000081400000, 0x0000000081300000| Complete 
|  20|0x0000000081400000, 0x0000000081500000, 0x0000000081500000|100%|HC|  |TAMS 0x0000000081500000, 0x0000000081400000| Complete 
|  21|0x0000000081500000, 0x0000000081600000, 0x0000000081600000|100%|HS|  |TAMS 0x0000000081600000, 0x0000000081500000| Complete 
|  22|0x0000000081600000, 0x0000000081700000, 0x0000000081700000|100%|HC|  |TAMS 0x0000000081700000, 0x0000000081600000| Complete 
|  23|0x0000000081700000, 0x0000000081800000, 0x0000000081800000|100%|HC|  |TAMS 0x0000000081800000, 0x0000000081700000| Complete 
|  24|0x0000000081800000, 0x0000000081900000, 0x0000000081900000|100%|HS|  |TAMS 0x0000000081900000, 0x0000000081800000| Complete 
|  25|0x0000000081900000, 0x0000000081a00000, 0x0000000081a00000|100%|HC|  |TAMS 0x0000000081a00000, 0x0000000081900000| Complete 
|  26|0x0000000081a00000, 0x0000000081b00000, 0x0000000081b00000|100%|HC|  |TAMS 0x0000000081b00000, 0x0000000081a00000| Complete 
|  27|0x0000000081b00000, 0x0000000081c00000, 0x0000000081c00000|100%|HS|  |TAMS 0x0000000081c00000, 0x0000000081b00000| Complete 
|  28|0x0000000081c00000, 0x0000000081d00000, 0x0000000081d00000|100%|HC|  |TAMS 0x0000000081d00000, 0x0000000081c00000| Complete 
|  29|0x0000000081d00000, 0x0000000081e00000, 0x0000000081e00000|100%|HC|  |TAMS 0x0000000081e00000, 0x0000000081d00000| Complete 
|  30|0x0000000081e00000, 0x0000000081f00000, 0x0000000081f00000|100%| O|  |TAMS 0x0000000081f00000, 0x0000000081e00000| Untracked 
|  31|0x0000000081f00000, 0x0000000082000000, 0x0000000082000000|100%| O|  |TAMS 0x0000000082000000, 0x0000000081f00000| Untracked 
|  32|0x0000000082000000, 0x0000000082100000, 0x0000000082100000|100%| O|  |TAMS 0x0000000082100000, 0x0000000082000000| Untracked 
|  33|0x0000000082100000, 0x0000000082200000, 0x0000000082200000|100%| O|  |TAMS 0x0000000082200000, 0x0000000082100000| Untracked 
|  34|0x0000000082200000, 0x0000000082300000, 0x0000000082300000|100%| O|  |TAMS 0x0000000082300000, 0x0000000082200000| Untracked 
|  35|0x0000000082300000, 0x0000000082400000, 0x0000000082400000|100%| O|  |TAMS 0x0000000082400000, 0x0000000082300000| Untracked 
|  36|0x0000000082400000, 0x0000000082500000, 0x0000000082500000|100%| O|  |TAMS 0x0000000082500000, 0x0000000082400000| Untracked 
|  37|0x0000000082500000, 0x0000000082600000, 0x0000000082600000|100%| O|  |TAMS 0x0000000082600000, 0x0000000082500000| Untracked 
|  38|0x0000000082600000, 0x0000000082700000, 0x0000000082700000|100%| O|  |TAMS 0x0000000082700000, 0x0000000082600000| Untracked 
|  39|0x0000000082700000, 0x0000000082800000, 0x0000000082800000|100%| O|  |TAMS 0x0000000082800000, 0x0000000082700000| Untracked 
|  40|0x0000000082800000, 0x0000000082900000, 0x0000000082900000|100%| O|  |TAMS 0x0000000082900000, 0x0000000082800000| Untracked 
|  41|0x0000000082900000, 0x0000000082a00000, 0x0000000082a00000|100%| O|  |TAMS 0x0000000082a00000, 0x0000000082900000| Untracked 
|  42|0x0000000082a00000, 0x0000000082b00000, 0x0000000082b00000|100%| O|  |TAMS 0x0000000082b00000, 0x0000000082a00000| Untracked 
|  43|0x0000000082b00000, 0x0000000082c00000, 0x0000000082c00000|100%| O|  |TAMS 0x0000000082c00000, 0x0000000082b00000| Untracked 
|  44|0x0000000082c00000, 0x0000000082d00000, 0x0000000082d00000|100%| O|  |TAMS 0x0000000082d00000, 0x0000000082c00000| Untracked 
|  45|0x0000000082d00000, 0x0000000082e00000, 0x0000000082e00000|100%| O|  |TAMS 0x0000000082d1d800, 0x0000000082d00000| Untracked 
|  46|0x0000000082e00000, 0x0000000082f00000, 0x0000000082f00000|100%| O|  |TAMS 0x0000000082f00000, 0x0000000082e00000| Untracked 
|  47|0x0000000082f00000, 0x0000000083000000, 0x0000000083000000|100%|HS|  |TAMS 0x0000000083000000, 0x0000000082f00000| Complete 
|  48|0x0000000083000000, 0x0000000083100000, 0x0000000083100000|100%|HC|  |TAMS 0x0000000083100000, 0x0000000083000000| Complete 
|  49|0x0000000083100000, 0x0000000083200000, 0x0000000083200000|100%|HC|  |TAMS 0x0000000083200000, 0x0000000083100000| Complete 
|  50|0x0000000083200000, 0x0000000083200000, 0x0000000083300000|  0%| F|  |TAMS 0x0000000083200000, 0x0000000083200000| Untracked 
|  51|0x0000000083300000, 0x0000000083300000, 0x0000000083400000|  0%| F|  |TAMS 0x0000000083300000, 0x0000000083300000| Untracked 
|  52|0x0000000083400000, 0x000000008343e200, 0x0000000083500000| 24%| O|  |TAMS 0x0000000083400000, 0x0000000083400000| Untracked 
|  53|0x0000000083500000, 0x0000000083500000, 0x0000000083600000|  0%| F|  |TAMS 0x0000000083500000, 0x0000000083500000| Untracked 
|  54|0x0000000083600000, 0x0000000083600000, 0x0000000083700000|  0%| F|  |TAMS 0x0000000083600000, 0x0000000083600000| Untracked 
|  55|0x0000000083700000, 0x0000000083700000, 0x0000000083800000|  0%| F|  |TAMS 0x0000000083700000, 0x0000000083700000| Untracked 
|  56|0x0000000083800000, 0x0000000083800000, 0x0000000083900000|  0%| F|  |TAMS 0x0000000083800000, 0x0000000083800000| Untracked 
|  57|0x0000000083900000, 0x0000000083900000, 0x0000000083a00000|  0%| F|  |TAMS 0x0000000083900000, 0x0000000083900000| Untracked 
|  58|0x0000000083a00000, 0x0000000083a00000, 0x0000000083b00000|  0%| F|  |TAMS 0x0000000083a00000, 0x0000000083a00000| Untracked 
|  59|0x0000000083b00000, 0x0000000083b00000, 0x0000000083c00000|  0%| F|  |TAMS 0x0000000083b00000, 0x0000000083b00000| Untracked 
|  60|0x0000000083c00000, 0x0000000083c00000, 0x0000000083d00000|  0%| F|  |TAMS 0x0000000083c00000, 0x0000000083c00000| Untracked 
|  61|0x0000000083d00000, 0x0000000083d00000, 0x0000000083e00000|  0%| F|  |TAMS 0x0000000083d00000, 0x0000000083d00000| Untracked 
|  62|0x0000000083e00000, 0x0000000083e00000, 0x0000000083f00000|  0%| F|  |TAMS 0x0000000083e00000, 0x0000000083e00000| Untracked 
|  63|0x0000000083f00000, 0x0000000083f00000, 0x0000000084000000|  0%| F|  |TAMS 0x0000000083f00000, 0x0000000083f00000| Untracked 
|  64|0x0000000084000000, 0x0000000084000000, 0x0000000084100000|  0%| F|  |TAMS 0x0000000084000000, 0x0000000084000000| Untracked 
|  65|0x0000000084100000, 0x0000000084100000, 0x0000000084200000|  0%| F|  |TAMS 0x0000000084100000, 0x0000000084100000| Untracked 
|  66|0x0000000084200000, 0x0000000084200000, 0x0000000084300000|  0%| F|  |TAMS 0x0000000084200000, 0x0000000084200000| Untracked 
|  67|0x0000000084300000, 0x0000000084300000, 0x0000000084400000|  0%| F|  |TAMS 0x0000000084300000, 0x0000000084300000| Untracked 
|  68|0x0000000084400000, 0x0000000084400000, 0x0000000084500000|  0%| F|  |TAMS 0x0000000084400000, 0x0000000084400000| Untracked 
|  69|0x0000000084500000, 0x0000000084500000, 0x0000000084600000|  0%| F|  |TAMS 0x0000000084500000, 0x0000000084500000| Untracked 
|  70|0x0000000084600000, 0x0000000084600000, 0x0000000084700000|  0%| F|  |TAMS 0x0000000084600000, 0x0000000084600000| Untracked 
|  71|0x0000000084700000, 0x0000000084700000, 0x0000000084800000|  0%| F|  |TAMS 0x0000000084700000, 0x0000000084700000| Untracked 
|  72|0x0000000084800000, 0x0000000084800000, 0x0000000084900000|  0%| F|  |TAMS 0x0000000084800000, 0x0000000084800000| Untracked 
|  73|0x0000000084900000, 0x0000000084900000, 0x0000000084a00000|  0%| F|  |TAMS 0x0000000084900000, 0x0000000084900000| Untracked 
|  74|0x0000000084a00000, 0x0000000084a00000, 0x0000000084b00000|  0%| F|  |TAMS 0x0000000084a00000, 0x0000000084a00000| Untracked 
|  75|0x0000000084b00000, 0x0000000084b00000, 0x0000000084c00000|  0%| F|  |TAMS 0x0000000084b00000, 0x0000000084b00000| Untracked 
|  76|0x0000000084c00000, 0x0000000084ce0f00, 0x0000000084d00000| 87%| S|CS|TAMS 0x0000000084c00000, 0x0000000084c00000| Complete 
|  77|0x0000000084d00000, 0x0000000084e00000, 0x0000000084e00000|100%| S|CS|TAMS 0x0000000084d00000, 0x0000000084d00000| Complete 
|  78|0x0000000084e00000, 0x0000000084e00000, 0x0000000084f00000|  0%| F|  |TAMS 0x0000000084e00000, 0x0000000084e00000| Untracked 
|  79|0x0000000084f00000, 0x0000000084f00000, 0x0000000085000000|  0%| F|  |TAMS 0x0000000084f00000, 0x0000000084f00000| Untracked 
|  80|0x0000000085000000, 0x0000000085000000, 0x0000000085100000|  0%| F|  |TAMS 0x0000000085000000, 0x0000000085000000| Untracked 
|  81|0x0000000085100000, 0x0000000085100000, 0x0000000085200000|  0%| F|  |TAMS 0x0000000085100000, 0x0000000085100000| Untracked 
|  82|0x0000000085200000, 0x0000000085200000, 0x0000000085300000|  0%| F|  |TAMS 0x0000000085200000, 0x0000000085200000| Untracked 
|  83|0x0000000085300000, 0x0000000085300000, 0x0000000085400000|  0%| F|  |TAMS 0x0000000085300000, 0x0000000085300000| Untracked 
|  84|0x0000000085400000, 0x0000000085400000, 0x0000000085500000|  0%| F|  |TAMS 0x0000000085400000, 0x0000000085400000| Untracked 
|  85|0x0000000085500000, 0x0000000085500000, 0x0000000085600000|  0%| F|  |TAMS 0x0000000085500000, 0x0000000085500000| Untracked 
|  86|0x0000000085600000, 0x0000000085600000, 0x0000000085700000|  0%| F|  |TAMS 0x0000000085600000, 0x0000000085600000| Untracked 
|  87|0x0000000085700000, 0x0000000085700000, 0x0000000085800000|  0%| F|  |TAMS 0x0000000085700000, 0x0000000085700000| Untracked 
|  88|0x0000000085800000, 0x0000000085800000, 0x0000000085900000|  0%| F|  |TAMS 0x0000000085800000, 0x0000000085800000| Untracked 
|  89|0x0000000085900000, 0x0000000085900000, 0x0000000085a00000|  0%| F|  |TAMS 0x0000000085900000, 0x0000000085900000| Untracked 
|  90|0x0000000085a00000, 0x0000000085a00000, 0x0000000085b00000|  0%| F|  |TAMS 0x0000000085a00000, 0x0000000085a00000| Untracked 
|  91|0x0000000085b00000, 0x0000000085b00000, 0x0000000085c00000|  0%| F|  |TAMS 0x0000000085b00000, 0x0000000085b00000| Untracked 
|  92|0x0000000085c00000, 0x0000000085c741b8, 0x0000000085d00000| 45%| E|  |TAMS 0x0000000085c00000, 0x0000000085c00000| Complete 
|  93|0x0000000085d00000, 0x0000000085e00000, 0x0000000085e00000|100%| E|CS|TAMS 0x0000000085d00000, 0x0000000085d00000| Complete 
|  94|0x0000000085e00000, 0x0000000085f00000, 0x0000000085f00000|100%| E|CS|TAMS 0x0000000085e00000, 0x0000000085e00000| Complete 
|  95|0x0000000085f00000, 0x0000000086000000, 0x0000000086000000|100%| E|CS|TAMS 0x0000000085f00000, 0x0000000085f00000| Complete 
|  96|0x0000000086000000, 0x0000000086100000, 0x0000000086100000|100%| E|CS|TAMS 0x0000000086000000, 0x0000000086000000| Complete 
| 127|0x0000000087f00000, 0x0000000088000000, 0x0000000088000000|100%| E|CS|TAMS 0x0000000087f00000, 0x0000000087f00000| Complete 
|2047|0x00000000fff00000, 0x0000000100000000, 0x0000000100000000|100%| O|  |TAMS 0x0000000100000000, 0x00000000fff00000| Untracked 

Card table byte_map: [0x0000018ed1070000,0x0000018ed1470000] _byte_map_base: 0x0000018ed0c70000

Marking Bits (Prev, Next): (CMBitMap*) 0x0000018ebe7eb790, (CMBitMap*) 0x0000018ebe7eb750
 Prev Bits: [0x0000018ed3870000, 0x0000018ed5870000)
 Next Bits: [0x0000018ed1870000, 0x0000018ed3870000)

Polling page: 0x0000018ebc700000

Metaspace:

Usage:
  Non-class:     44.33 MB used.
      Class:      6.72 MB used.
       Both:     51.05 MB used.

Virtual space:
  Non-class space:       64.00 MB reserved,      44.56 MB ( 70%) committed,  1 nodes.
      Class space:        1.00 GB reserved,       6.94 MB ( <1%) committed,  1 nodes.
             Both:        1.06 GB reserved,      51.50 MB (  5%) committed. 

Chunk freelists:
   Non-Class:  3.38 MB
       Class:  9.01 MB
        Both:  12.39 MB

MaxMetaspaceSize: unlimited
CompressedClassSpaceSize: 1.00 GB
Initial GC threshold: 21.00 MB
Current GC threshold: 82.94 MB
CDS: off
MetaspaceReclaimPolicy: balanced
 - commit_granule_bytes: 65536.
 - commit_granule_words: 8192.
 - virtual_space_node_default_size: 8388608.
 - enlarge_chunks_in_place: 1.
 - new_chunks_are_fully_committed: 0.
 - uncommit_free_chunks: 1.
 - use_allocation_guard: 0.
 - handle_deallocations: 1.


Internal statistics:

num_allocs_failed_limit: 3.
num_arena_births: 596.
num_arena_deaths: 0.
num_vsnodes_births: 2.
num_vsnodes_deaths: 0.
num_space_committed: 824.
num_space_uncommitted: 0.
num_chunks_returned_to_freelist: 3.
num_chunks_taken_from_freelist: 2301.
num_chunk_merges: 3.
num_chunk_splits: 1473.
num_chunks_enlarged: 978.
num_inconsistent_stats: 0.

CodeHeap 'non-profiled nmethods': size=120000Kb used=2700Kb max_used=2700Kb free=117299Kb
 bounds [0x0000018ec9740000, 0x0000018ec99f0000, 0x0000018ed0c70000]
CodeHeap 'profiled nmethods': size=120000Kb used=9880Kb max_used=9880Kb free=110119Kb
 bounds [0x0000018ec1c70000, 0x0000018ec2620000, 0x0000018ec91a0000]
CodeHeap 'non-nmethods': size=5760Kb used=2305Kb max_used=2377Kb free=3454Kb
 bounds [0x0000018ec91a0000, 0x0000018ec9410000, 0x0000018ec9740000]
 total_blobs=5740 nmethods=4920 adapters=732
 compilation: enabled
              stopped_count=0, restarted_count=0
 full_count=0

Compilation events (20 events):
Event: 83.227 Thread 0x0000018edc04ff90 nmethod 4906 0x0000018ec2602390 code [0x0000018ec2602560, 0x0000018ec2602918]
Event: 83.227 Thread 0x0000018edc02d530 4915       4       java.io.ObjectOutputStream$BlockDataOutputStream::getUTFLength (124 bytes)
Event: 83.227 Thread 0x0000018edc04ff90 4914   !   3       java.io.ObjectOutputStream::writeSerialData (223 bytes)
Event: 83.229 Thread 0x0000018edc04ff90 nmethod 4914 0x0000018ec2602a90 code [0x0000018ec2602d40, 0x0000018ec2603c28]
Event: 83.229 Thread 0x0000018edc04ff90 4909       3       java.io.ObjectStreamClass::getPrimFieldValues (10 bytes)
Event: 83.229 Thread 0x0000018edc04ff90 nmethod 4909 0x0000018ec2604290 code [0x0000018ec2604440, 0x0000018ec2604588]
Event: 83.229 Thread 0x0000018edc04ff90 4907       3       java.io.ObjectStreamClass::getObjFieldValues (10 bytes)
Event: 83.229 Thread 0x0000018edc04ff90 nmethod 4907 0x0000018ec2604690 code [0x0000018ec2604840, 0x0000018ec2604988]
Event: 83.229 Thread 0x0000018edc04ff90 4918       3       org.gradle.internal.serialize.ExceptionReplacingObjectOutputStream::doReplaceObject (25 bytes)
Event: 83.229 Thread 0x0000018edc04ff90 nmethod 4918 0x0000018ec2604a90 code [0x0000018ec2604c60, 0x0000018ec2605228]
Event: 83.229 Thread 0x0000018edc04ff90 4917   !   3       org.gradle.internal.serialize.ExceptionReplacingObjectOutputStream$1::transform (15 bytes)
Event: 83.230 Thread 0x0000018edc04ff90 nmethod 4917 0x0000018ec2605390 code [0x0000018ec26055a0, 0x0000018ec2605d18]
Event: 83.230 Thread 0x0000018edc04ff90 4920   !   3       java.io.ObjectOutputStream::writeObject (38 bytes)
Event: 83.230 Thread 0x0000018edc04ff90 nmethod 4920 0x0000018ec2606010 code [0x0000018ec26061e0, 0x0000018ec2606538]
Event: 83.236 Thread 0x0000018edc02d530 nmethod 4915 0x0000018ec99df990 code [0x0000018ec99dfb20, 0x0000018ec99e00b8]
Event: 83.236 Thread 0x0000018edc02d530 4916       4       java.io.ObjectOutputStream$BlockDataOutputStream::writeBytes (144 bytes)
Event: 83.244 Thread 0x0000018edc02d530 nmethod 4916 0x0000018ec99e0490 code [0x0000018ec99e0620, 0x0000018ec99e0c98]
Event: 83.245 Thread 0x0000018edc02d530 4919       4       java.io.ObjectOutputStream$BlockDataOutputStream::writeByte (33 bytes)
Event: 83.245 Thread 0x0000018edc02d530 nmethod 4919 0x0000018ec99e1110 code [0x0000018ec99e1280, 0x0000018ec99e1358]
Event: 83.245 Thread 0x0000018edc02d530 4921   !   4       java.io.ObjectOutputStream::writeObject0 (620 bytes)

GC Heap History (20 events):
Event: 10.207 GC heap before
{Heap before GC invocations=8 (full 0):
 garbage-first heap   total 69632K, used 54031K [0x0000000080000000, 0x0000000100000000)
  region size 1024K, 19 young (19456K), 4 survivors (4096K)
 Metaspace       used 34917K, committed 35264K, reserved 1114112K
  class space    used 4791K, committed 4992K, reserved 1048576K
}
Event: 10.212 GC heap after
{Heap after GC invocations=9 (full 0):
 garbage-first heap   total 69632K, used 39200K [0x0000000080000000, 0x0000000100000000)
  region size 1024K, 1 young (1024K), 1 survivors (1024K)
 Metaspace       used 34917K, committed 35264K, reserved 1114112K
  class space    used 4791K, committed 4992K, reserved 1048576K
}
Event: 10.772 GC heap before
{Heap before GC invocations=10 (full 0):
 garbage-first heap   total 70656K, used 55584K [0x0000000080000000, 0x0000000100000000)
  region size 1024K, 17 young (17408K), 1 survivors (1024K)
 Metaspace       used 37306K, committed 37696K, reserved 1114112K
  class space    used 5152K, committed 5312K, reserved 1048576K
}
Event: 10.775 GC heap after
{Heap after GC invocations=11 (full 0):
 garbage-first heap   total 70656K, used 39677K [0x0000000080000000, 0x0000000100000000)
  region size 1024K, 2 young (2048K), 2 survivors (2048K)
 Metaspace       used 37306K, committed 37696K, reserved 1114112K
  class space    used 5152K, committed 5312K, reserved 1048576K
}
Event: 11.307 GC heap before
{Heap before GC invocations=11 (full 0):
 garbage-first heap   total 70656K, used 55037K [0x0000000080000000, 0x0000000100000000)
  region size 1024K, 18 young (18432K), 2 survivors (2048K)
 Metaspace       used 41452K, committed 41792K, reserved 1114112K
  class space    used 5610K, committed 5760K, reserved 1048576K
}
Event: 11.312 GC heap after
{Heap after GC invocations=12 (full 0):
 garbage-first heap   total 70656K, used 41728K [0x0000000080000000, 0x0000000100000000)
  region size 1024K, 3 young (3072K), 3 survivors (3072K)
 Metaspace       used 41452K, committed 41792K, reserved 1114112K
  class space    used 5610K, committed 5760K, reserved 1048576K
}
Event: 11.608 GC heap before
{Heap before GC invocations=13 (full 0):
 garbage-first heap   total 75776K, used 55040K [0x0000000080000000, 0x0000000100000000)
  region size 1024K, 17 young (17408K), 3 survivors (3072K)
 Metaspace       used 43395K, committed 43776K, reserved 1114112K
  class space    used 5824K, committed 6016K, reserved 1048576K
}
Event: 11.615 GC heap after
{Heap after GC invocations=14 (full 0):
 garbage-first heap   total 75776K, used 43440K [0x0000000080000000, 0x0000000100000000)
  region size 1024K, 2 young (2048K), 2 survivors (2048K)
 Metaspace       used 43395K, committed 43776K, reserved 1114112K
  class space    used 5824K, committed 6016K, reserved 1048576K
}
Event: 11.807 GC heap before
{Heap before GC invocations=14 (full 0):
 garbage-first heap   total 75776K, used 59824K [0x0000000080000000, 0x0000000100000000)
  region size 1024K, 18 young (18432K), 2 survivors (2048K)
 Metaspace       used 43666K, committed 44160K, reserved 1114112K
  class space    used 5855K, committed 6080K, reserved 1048576K
}
Event: 11.812 GC heap after
{Heap after GC invocations=15 (full 0):
 garbage-first heap   total 75776K, used 44017K [0x0000000080000000, 0x0000000100000000)
  region size 1024K, 3 young (3072K), 3 survivors (3072K)
 Metaspace       used 43666K, committed 44160K, reserved 1114112K
  class space    used 5855K, committed 6080K, reserved 1048576K
}
Event: 15.794 GC heap before
{Heap before GC invocations=16 (full 0):
 garbage-first heap   total 92160K, used 63473K [0x0000000080000000, 0x0000000100000000)
  region size 1024K, 18 young (18432K), 3 survivors (3072K)
 Metaspace       used 46281K, committed 46720K, reserved 1114112K
  class space    used 6096K, committed 6336K, reserved 1048576K
}
Event: 15.800 GC heap after
{Heap after GC invocations=17 (full 0):
 garbage-first heap   total 92160K, used 45657K [0x0000000080000000, 0x0000000100000000)
  region size 1024K, 3 young (3072K), 3 survivors (3072K)
 Metaspace       used 46281K, committed 46720K, reserved 1114112K
  class space    used 6096K, committed 6336K, reserved 1048576K
}
Event: 18.355 GC heap before
{Heap before GC invocations=17 (full 0):
 garbage-first heap   total 92160K, used 72281K [0x0000000080000000, 0x0000000100000000)
  region size 1024K, 29 young (29696K), 3 survivors (3072K)
 Metaspace       used 48938K, committed 49344K, reserved 1114112K
  class space    used 6527K, committed 6720K, reserved 1048576K
}
Event: 18.363 GC heap after
{Heap after GC invocations=18 (full 0):
 garbage-first heap   total 92160K, used 47930K [0x0000000080000000, 0x0000000100000000)
  region size 1024K, 4 young (4096K), 4 survivors (4096K)
 Metaspace       used 48938K, committed 49344K, reserved 1114112K
  class space    used 6527K, committed 6720K, reserved 1048576K
}
Event: 18.681 GC heap before
{Heap before GC invocations=19 (full 0):
 garbage-first heap   total 92160K, used 54074K [0x0000000080000000, 0x0000000100000000)
  region size 1024K, 11 young (11264K), 4 survivors (4096K)
 Metaspace       used 49170K, committed 49664K, reserved 1114112K
  class space    used 6566K, committed 6784K, reserved 1048576K
}
Event: 18.687 GC heap after
{Heap after GC invocations=20 (full 0):
 garbage-first heap   total 92160K, used 49092K [0x0000000080000000, 0x0000000100000000)
  region size 1024K, 2 young (2048K), 2 survivors (2048K)
 Metaspace       used 49170K, committed 49664K, reserved 1114112K
  class space    used 6566K, committed 6784K, reserved 1048576K
}
Event: 19.585 GC heap before
{Heap before GC invocations=21 (full 0):
 garbage-first heap   total 92160K, used 55236K [0x0000000080000000, 0x0000000100000000)
  region size 1024K, 7 young (7168K), 2 survivors (2048K)
 Metaspace       used 49517K, committed 49984K, reserved 1114112K
  class space    used 6591K, committed 6784K, reserved 1048576K
}
Event: 19.588 GC heap after
{Heap after GC invocations=22 (full 0):
 garbage-first heap   total 92160K, used 53439K [0x0000000080000000, 0x0000000100000000)
  region size 1024K, 3 young (3072K), 3 survivors (3072K)
 Metaspace       used 49517K, committed 49984K, reserved 1114112K
  class space    used 6591K, committed 6784K, reserved 1048576K
}
Event: 81.490 GC heap before
{Heap before GC invocations=23 (full 0):
 garbage-first heap   total 101376K, used 71871K [0x0000000080000000, 0x0000000100000000)
  region size 1024K, 20 young (20480K), 3 survivors (3072K)
 Metaspace       used 51600K, committed 52096K, reserved 1114112K
  class space    used 6790K, committed 7040K, reserved 1048576K
}
Event: 81.496 GC heap after
{Heap after GC invocations=24 (full 0):
 garbage-first heap   total 101376K, used 53889K [0x0000000080000000, 0x0000000100000000)
  region size 1024K, 2 young (2048K), 2 survivors (2048K)
 Metaspace       used 51600K, committed 52096K, reserved 1114112K
  class space    used 6790K, committed 7040K, reserved 1048576K
}

Dll operation events (3 events):
Event: 0.013 Loaded shared library C:\Program Files\Android\Android Studio\jbr\bin\java.dll
Event: 0.206 Loaded shared library C:\Program Files\Android\Android Studio\jbr\bin\zip.dll
Event: 0.904 Loaded shared library C:\Program Files\Android\Android Studio\jbr\bin\verify.dll

Deoptimization events (20 events):
Event: 82.517 Thread 0x0000018edde8c800 Uncommon trap: trap_request=0xffffff45 fr.pc=0x0000018ec99c574c relative=0x000000000000004c
Event: 82.517 Thread 0x0000018edde8c800 Uncommon trap: reason=unstable_if action=reinterpret pc=0x0000018ec99c574c method=java.lang.Thread.interrupted()Z @ 10 c2
Event: 82.517 Thread 0x0000018edde8c800 DEOPT PACKING pc=0x0000018ec99c574c sp=0x0000006a4cdff2d0
Event: 82.517 Thread 0x0000018edde8c800 DEOPT UNPACKING pc=0x0000018ec91f69a3 sp=0x0000006a4cdff260 mode 2
Event: 83.189 Thread 0x0000018eddc66870 Uncommon trap: trap_request=0xffffffde fr.pc=0x0000018ec9751aa8 relative=0x00000000000001a8
Event: 83.189 Thread 0x0000018eddc66870 Uncommon trap: reason=class_check action=maybe_recompile pc=0x0000018ec9751aa8 method=java.lang.String.equals(Ljava/lang/Object;)Z @ 8 c2
Event: 83.189 Thread 0x0000018eddc66870 DEOPT PACKING pc=0x0000018ec9751aa8 sp=0x0000006a4befcd60
Event: 83.189 Thread 0x0000018eddc66870 DEOPT UNPACKING pc=0x0000018ec91f69a3 sp=0x0000006a4befcd08 mode 2
Event: 83.191 Thread 0x0000018eddc66870 Uncommon trap: trap_request=0xffffffde fr.pc=0x0000018ec9751aa8 relative=0x00000000000001a8
Event: 83.191 Thread 0x0000018eddc66870 Uncommon trap: reason=class_check action=maybe_recompile pc=0x0000018ec9751aa8 method=java.lang.String.equals(Ljava/lang/Object;)Z @ 8 c2
Event: 83.191 Thread 0x0000018eddc66870 DEOPT PACKING pc=0x0000018ec9751aa8 sp=0x0000006a4befc9a0
Event: 83.191 Thread 0x0000018eddc66870 DEOPT UNPACKING pc=0x0000018ec91f69a3 sp=0x0000006a4befc948 mode 2
Event: 83.191 Thread 0x0000018eddc66870 Uncommon trap: trap_request=0xffffffde fr.pc=0x0000018ec9751aa8 relative=0x00000000000001a8
Event: 83.191 Thread 0x0000018eddc66870 Uncommon trap: reason=class_check action=maybe_recompile pc=0x0000018ec9751aa8 method=java.lang.String.equals(Ljava/lang/Object;)Z @ 8 c2
Event: 83.191 Thread 0x0000018eddc66870 DEOPT PACKING pc=0x0000018ec9751aa8 sp=0x0000006a4befc9a0
Event: 83.191 Thread 0x0000018eddc66870 DEOPT UNPACKING pc=0x0000018ec91f69a3 sp=0x0000006a4befc948 mode 2
Event: 83.191 Thread 0x0000018eddc66870 Uncommon trap: trap_request=0xffffffde fr.pc=0x0000018ec9751aa8 relative=0x00000000000001a8
Event: 83.191 Thread 0x0000018eddc66870 Uncommon trap: reason=class_check action=maybe_recompile pc=0x0000018ec9751aa8 method=java.lang.String.equals(Ljava/lang/Object;)Z @ 8 c2
Event: 83.191 Thread 0x0000018eddc66870 DEOPT PACKING pc=0x0000018ec9751aa8 sp=0x0000006a4befc9a0
Event: 83.191 Thread 0x0000018eddc66870 DEOPT UNPACKING pc=0x0000018ec91f69a3 sp=0x0000006a4befc948 mode 2

Classes unloaded (0 events):
No events

Classes redefined (0 events):
No events

Internal exceptions (20 events):
Event: 20.026 Thread 0x0000018eddc66870 Exception <a 'java/lang/ClassNotFoundException'{0x000000008596a4b8}: org/jetbrains/plugins/gradle/tooling/builder/ProjectExtensionsDataBuilderImplCustomizer> (0x000000008596a4b8) 
thrown [s\src\hotspot\share\classfile\systemDictionary.cpp, line 256]
Event: 20.030 Thread 0x0000018eddc66870 Exception <a 'java/lang/ClassNotFoundException'{0x000000008599bcb8}: org/jetbrains/plugins/gradle/tooling/builder/IntelliJSettingsBuilderBeanInfo> (0x000000008599bcb8) 
thrown [s\src\hotspot\share\classfile\systemDictionary.cpp, line 256]
Event: 20.030 Thread 0x0000018eddc66870 Exception <a 'java/lang/ClassNotFoundException'{0x00000000859a7550}: org/jetbrains/plugins/gradle/tooling/builder/IntelliJSettingsBuilderCustomizer> (0x00000000859a7550) 
thrown [s\src\hotspot\share\classfile\systemDictionary.cpp, line 256]
Event: 20.033 Thread 0x0000018eddc66870 Exception <a 'java/lang/ClassNotFoundException'{0x00000000859d8940}: org/jetbrains/plugins/gradle/tooling/builder/IntelliJProjectSettingsBuilderBeanInfo> (0x00000000859d8940) 
thrown [s\src\hotspot\share\classfile\systemDictionary.cpp, line 256]
Event: 20.034 Thread 0x0000018eddc66870 Exception <a 'java/lang/ClassNotFoundException'{0x00000000859e3f10}: org/jetbrains/plugins/gradle/tooling/builder/IntelliJProjectSettingsBuilderCustomizer> (0x00000000859e3f10) 
thrown [s\src\hotspot\share\classfile\systemDictionary.cpp, line 256]
Event: 20.038 Thread 0x0000018eddc66870 Exception <a 'java/lang/ClassNotFoundException'{0x000000008581b050}: org/jetbrains/plugins/gradle/tooling/builder/DependencyAccessorsModelBuilderBeanInfo> (0x000000008581b050) 
thrown [s\src\hotspot\share\classfile\systemDictionary.cpp, line 256]
Event: 20.039 Thread 0x0000018eddc66870 Exception <a 'java/lang/ClassNotFoundException'{0x0000000085826620}: org/jetbrains/plugins/gradle/tooling/builder/DependencyAccessorsModelBuilderCustomizer> (0x0000000085826620) 
thrown [s\src\hotspot\share\classfile\systemDictionary.cpp, line 256]
Event: 20.212 Thread 0x0000018eddc66870 Exception <a 'java/lang/NoSuchMethodError'{0x00000000855c8cf0}: 'java.lang.Object java.lang.invoke.DirectMethodHandle$Holder.newInvokeSpecial(java.lang.Object, java.lang.Object, int, int)'> (0x00000000855c8cf0) 
thrown [s\src\hotspot\share\interpreter\linkResolver.cpp, line 771]
Event: 20.223 Thread 0x0000018eddc66870 Exception <a 'sun/nio/fs/WindowsException'{0x0000000085435840}> (0x0000000085435840) 
thrown [s\src\hotspot\share\prims\jni.cpp, line 517]
Event: 20.223 Thread 0x0000018eddc66870 Exception <a 'sun/nio/fs/WindowsException'{0x0000000085437080}> (0x0000000085437080) 
thrown [s\src\hotspot\share\prims\jni.cpp, line 517]
Event: 20.224 Thread 0x0000018eddc66870 Exception <a 'sun/nio/fs/WindowsException'{0x0000000085438890}> (0x0000000085438890) 
thrown [s\src\hotspot\share\prims\jni.cpp, line 517]
Event: 20.224 Thread 0x0000018eddc66870 Exception <a 'sun/nio/fs/WindowsException'{0x000000008543a0a8}> (0x000000008543a0a8) 
thrown [s\src\hotspot\share\prims\jni.cpp, line 517]
Event: 20.227 Thread 0x0000018eddc66870 Exception <a 'java/lang/NoSuchMethodError'{0x000000008544c010}: 'java.lang.Object java.lang.invoke.Invokers$Holder.invoker(java.lang.Object, java.lang.Object, java.lang.Object, java.lang.Object, java.lang.Object, java.lang.Object, java.lang.Object, java.lang.Object, java.lang.Object)'> (0x000000008544c010) 
thrown [s\src\hotspot\share\interpreter\linkResolver.cpp, line 771]
Event: 20.244 Thread 0x0000018eddc66870 Exception <a 'java/lang/NoSuchMethodError'{0x00000000851023e0}: 'java.lang.Object java.lang.invoke.Invokers$Holder.invoker(java.lang.Object, java.lang.Object, java.lang.Object, java.lang.Object)'> (0x00000000851023e0) 
thrown [s\src\hotspot\share\interpreter\linkResolver.cpp, line 771]
Event: 81.870 Thread 0x0000018eddc66870 Exception <a 'java/lang/NoSuchMethodError'{0x0000000087f5e6b0}: 'void java.lang.invoke.DirectMethodHandle$Holder.invokeSpecial(java.lang.Object, java.lang.Object, int)'> (0x0000000087f5e6b0) 
thrown [s\src\hotspot\share\interpreter\linkResolver.cpp, line 771]
Event: 82.042 Thread 0x0000018eddc66870 Exception <a 'java/lang/NoSuchMethodError'{0x0000000087f9bde0}: 'void java.lang.invoke.DirectMethodHandle$Holder.invokeStatic(java.lang.Object, int, java.lang.Object)'> (0x0000000087f9bde0) 
thrown [s\src\hotspot\share\interpreter\linkResolver.cpp, line 771]
Event: 82.223 Thread 0x0000018eddc66870 Exception <a 'java/lang/NoSuchMethodError'{0x000000008606a3b0}: 'java.lang.Object java.lang.invoke.Invokers$Holder.linkToTargetMethod(java.lang.Object, java.lang.Object, java.lang.Object, int, java.lang.Object, java.lang.Object)'> (0x000000008606a3b0) 
thrown [s\src\hotspot\share\interpreter\linkResolver.cpp, line 771]
Event: 82.226 Thread 0x0000018eddc66870 Exception <a 'java/lang/NoSuchMethodError'{0x0000000086093e10}: 'java.lang.Object java.lang.invoke.DirectMethodHandle$Holder.newInvokeSpecial(java.lang.Object, java.lang.Object, java.lang.Object, java.lang.Object, int)'> (0x0000000086093e10) 
thrown [s\src\hotspot\share\interpreter\linkResolver.cpp, line 771]
Event: 82.226 Thread 0x0000018eddc66870 Exception <a 'java/lang/NoSuchMethodError'{0x0000000086098698}: 'java.lang.Object java.lang.invoke.DirectMethodHandle$Holder.invokeSpecial(java.lang.Object, java.lang.Object, java.lang.Object, java.lang.Object, java.lang.Object, int)'> (0x0000000086098698) 
thrown [s\src\hotspot\share\interpreter\linkResolver.cpp, line 771]
Event: 82.227 Thread 0x0000018eddc66870 Exception <a 'java/lang/NoSuchMethodError'{0x000000008609c8d0}: 'java.lang.Object java.lang.invoke.Invokers$Holder.linkToTargetMethod(java.lang.Object, java.lang.Object, java.lang.Object, int, java.lang.Object)'> (0x000000008609c8d0) 
thrown [s\src\hotspot\share\interpreter\linkResolver.cpp, line 771]

VM Operations (20 events):
Event: 62.096 Executing VM operation: Cleanup
Event: 62.096 Executing VM operation: Cleanup done
Event: 63.111 Executing VM operation: Cleanup
Event: 63.111 Executing VM operation: Cleanup done
Event: 69.193 Executing VM operation: Cleanup
Event: 69.193 Executing VM operation: Cleanup done
Event: 70.195 Executing VM operation: Cleanup
Event: 70.195 Executing VM operation: Cleanup done
Event: 81.309 Executing VM operation: Cleanup
Event: 81.309 Executing VM operation: Cleanup done
Event: 81.490 Executing VM operation: G1CollectForAllocation
Event: 81.496 Executing VM operation: G1CollectForAllocation done
Event: 82.041 Executing VM operation: HandshakeAllThreads
Event: 82.041 Executing VM operation: HandshakeAllThreads done
Event: 82.527 Executing VM operation: HandshakeAllThreads
Event: 82.527 Executing VM operation: HandshakeAllThreads done
Event: 82.527 Executing VM operation: Cleanup
Event: 82.527 Executing VM operation: Cleanup done
Event: 82.963 Executing VM operation: HandshakeAllThreads
Event: 82.963 Executing VM operation: HandshakeAllThreads done

Events (20 events):
Event: 82.516 loading class java/util/concurrent/ConcurrentLinkedQueue$Itr
Event: 82.516 loading class java/util/concurrent/ConcurrentLinkedQueue$Itr done
Event: 82.518 Thread 0x0000018edde8c800 Thread exited: 0x0000018edde8c800
Event: 82.520 Thread 0x0000018edde8cd10 Thread exited: 0x0000018edde8cd10
Event: 82.524 loading class jdk/internal/math/FDBigInteger
Event: 82.524 loading class jdk/internal/math/FDBigInteger done
Event: 82.526 loading class java/util/ArrayList$ListItr
Event: 82.526 loading class java/util/ArrayList$ListItr done
Event: 82.953 loading class java/io/ObjectOutputStream$BlockDataOutputStream
Event: 82.954 loading class java/io/ObjectOutputStream$BlockDataOutputStream done
Event: 82.954 loading class java/io/ObjectOutputStream$HandleTable
Event: 82.954 loading class java/io/ObjectOutputStream$HandleTable done
Event: 82.954 loading class java/io/ObjectOutputStream$ReplaceTable
Event: 82.954 loading class java/io/ObjectOutputStream$ReplaceTable done
Event: 82.962 loading class java/util/AbstractList$ListItr
Event: 82.962 loading class java/util/AbstractList$ListItr done
Event: 83.214 loading class java/util/Collections$EmptyListIterator
Event: 83.214 loading class java/util/Collections$EmptyListIterator done
Event: 83.257 Thread 0x0000018edde88630 Thread exited: 0x0000018edde88630
Event: 83.258 Thread 0x0000018edde88120 Thread exited: 0x0000018edde88120


Dynamic libraries:
0x00007ff63c640000 - 0x00007ff63c64a000 	C:\Program Files\Android\Android Studio\jbr\bin\java.exe
0x00007ffe3fe70000 - 0x00007ffe40068000 	C:\WINDOWS\SYSTEM32\ntdll.dll
0x00007ffe3faa0000 - 0x00007ffe3fb62000 	C:\WINDOWS\System32\KERNEL32.DLL
0x00007ffe3d720000 - 0x00007ffe3da1e000 	C:\WINDOWS\System32\KERNELBASE.dll
0x00007ffe3da90000 - 0x00007ffe3db90000 	C:\WINDOWS\System32\ucrtbase.dll
0x00007ffe34880000 - 0x00007ffe34897000 	C:\Program Files\Android\Android Studio\jbr\bin\jli.dll
0x00007ffe3e980000 - 0x00007ffe3eb1d000 	C:\WINDOWS\System32\USER32.dll
0x00007ffe3d5c0000 - 0x00007ffe3d5e2000 	C:\WINDOWS\System32\win32u.dll
0x00007ffe3ef10000 - 0x00007ffe3ef3b000 	C:\WINDOWS\System32\GDI32.dll
0x00007ffe3dd70000 - 0x00007ffe3de87000 	C:\WINDOWS\System32\gdi32full.dll
0x00007ffe3d680000 - 0x00007ffe3d71d000 	C:\WINDOWS\System32\msvcp_win.dll
0x00007ffe26d80000 - 0x00007ffe2701a000 	C:\WINDOWS\WinSxS\amd64_microsoft.windows.common-controls_6595b64144ccf1df_6.0.19041.4355_none_60b8b9eb71f62e16\COMCTL32.dll
0x00007ffe3e750000 - 0x00007ffe3e7ee000 	C:\WINDOWS\System32\msvcrt.dll
0x00007ffe37a20000 - 0x00007ffe37a3b000 	C:\Program Files\Android\Android Studio\jbr\bin\VCRUNTIME140.dll
0x00007ffe3fdf0000 - 0x00007ffe3fe1f000 	C:\WINDOWS\System32\IMM32.DLL
0x00007ffe3a610000 - 0x00007ffe3a61c000 	C:\Program Files\Android\Android Studio\jbr\bin\vcruntime140_1.dll
0x00007ffe331c0000 - 0x00007ffe3324d000 	C:\Program Files\Android\Android Studio\jbr\bin\msvcp140.dll
0x00007ffddc6b0000 - 0x00007ffddd333000 	C:\Program Files\Android\Android Studio\jbr\bin\server\jvm.dll
0x00007ffe3f620000 - 0x00007ffe3f6d1000 	C:\WINDOWS\System32\ADVAPI32.dll
0x00007ffe3ebd0000 - 0x00007ffe3ec6f000 	C:\WINDOWS\System32\sechost.dll
0x00007ffe3f020000 - 0x00007ffe3f143000 	C:\WINDOWS\System32\RPCRT4.dll
0x00007ffe3db90000 - 0x00007ffe3dbb7000 	C:\WINDOWS\System32\bcrypt.dll
0x00007ffe3d3f0000 - 0x00007ffe3d43b000 	C:\WINDOWS\SYSTEM32\POWRPROF.dll
0x00007ffe3b460000 - 0x00007ffe3b469000 	C:\WINDOWS\SYSTEM32\WSOCK32.dll
0x00007ffe3e910000 - 0x00007ffe3e97b000 	C:\WINDOWS\System32\WS2_32.dll
0x00007ffe28380000 - 0x00007ffe283a7000 	C:\WINDOWS\SYSTEM32\WINMM.dll
0x00007ffe31b90000 - 0x00007ffe31b9a000 	C:\WINDOWS\SYSTEM32\VERSION.dll
0x00007ffe3d350000 - 0x00007ffe3d362000 	C:\WINDOWS\SYSTEM32\UMPDC.dll
0x00007ffe3bd80000 - 0x00007ffe3bd92000 	C:\WINDOWS\SYSTEM32\kernel.appcore.dll
0x00007ffe39410000 - 0x00007ffe3941a000 	C:\Program Files\Android\Android Studio\jbr\bin\jimage.dll
0x00007ffe3b100000 - 0x00007ffe3b2e4000 	C:\WINDOWS\SYSTEM32\DBGHELP.DLL
0x00007ffe278e0000 - 0x00007ffe27914000 	C:\WINDOWS\SYSTEM32\dbgcore.DLL
0x00007ffe3d5f0000 - 0x00007ffe3d672000 	C:\WINDOWS\System32\bcryptPrimitives.dll
0x00007ffe34f40000 - 0x00007ffe34f4e000 	C:\Program Files\Android\Android Studio\jbr\bin\instrument.dll
0x00007ffe381d0000 - 0x00007ffe381f5000 	C:\Program Files\Android\Android Studio\jbr\bin\java.dll
0x00007ffe37d20000 - 0x00007ffe37d38000 	C:\Program Files\Android\Android Studio\jbr\bin\zip.dll
0x00007ffe3dfe0000 - 0x00007ffe3e74d000 	C:\WINDOWS\System32\SHELL32.dll
0x00007ffe3b470000 - 0x00007ffe3bc14000 	C:\WINDOWS\SYSTEM32\windows.storage.dll
0x00007ffe3f740000 - 0x00007ffe3fa93000 	C:\WINDOWS\System32\combase.dll
0x00007ffe3ce70000 - 0x00007ffe3ce9e000 	C:\WINDOWS\SYSTEM32\Wldp.dll
0x00007ffe3fb70000 - 0x00007ffe3fc3d000 	C:\WINDOWS\System32\OLEAUT32.dll
0x00007ffe3ee00000 - 0x00007ffe3eead000 	C:\WINDOWS\System32\SHCORE.dll
0x00007ffe3f5c0000 - 0x00007ffe3f615000 	C:\WINDOWS\System32\shlwapi.dll
0x00007ffe3d440000 - 0x00007ffe3d464000 	C:\WINDOWS\SYSTEM32\profapi.dll
0x00007ffe379e0000 - 0x00007ffe379f9000 	C:\Program Files\Android\Android Studio\jbr\bin\net.dll
0x00007ffe35040000 - 0x00007ffe3514d000 	C:\WINDOWS\SYSTEM32\WINHTTP.dll
0x00007ffe3cbd0000 - 0x00007ffe3cc3a000 	C:\WINDOWS\system32\mswsock.dll
0x00007ffe37390000 - 0x00007ffe373a6000 	C:\Program Files\Android\Android Studio\jbr\bin\nio.dll
0x00007ffe372b0000 - 0x00007ffe372c0000 	C:\Program Files\Android\Android Studio\jbr\bin\verify.dll
0x00007ffe20bc0000 - 0x00007ffe20be7000 	C:\Users\HP\.gradle\native\c067742578af261105cb4f569cf0c3c89f3d7b1fecec35dd04571415982c5e48\windows-amd64\native-platform.dll
0x00007ffe0a6a0000 - 0x00007ffe0a7e4000 	C:\Users\HP\.gradle\native\38dada09dfb8b06ba9b0570ebf7e218e3eb74d4ef43ca46872605cf95ebc2f47\windows-amd64\native-platform-file-events.dll
0x00007ffe379d0000 - 0x00007ffe379d9000 	C:\Program Files\Android\Android Studio\jbr\bin\management.dll
0x00007ffe37380000 - 0x00007ffe3738b000 	C:\Program Files\Android\Android Studio\jbr\bin\management_ext.dll
0x00007ffe3fe20000 - 0x00007ffe3fe28000 	C:\WINDOWS\System32\PSAPI.DLL
0x00007ffe3cdd0000 - 0x00007ffe3cde8000 	C:\WINDOWS\SYSTEM32\CRYPTSP.dll
0x00007ffe3c4f0000 - 0x00007ffe3c524000 	C:\WINDOWS\system32\rsaenh.dll
0x00007ffe3d370000 - 0x00007ffe3d39e000 	C:\WINDOWS\SYSTEM32\USERENV.dll
0x00007ffe3cdc0000 - 0x00007ffe3cdcc000 	C:\WINDOWS\SYSTEM32\CRYPTBASE.dll
0x00007ffe3c8b0000 - 0x00007ffe3c8eb000 	C:\WINDOWS\SYSTEM32\IPHLPAPI.DLL
0x00007ffe3ed00000 - 0x00007ffe3ed08000 	C:\WINDOWS\System32\NSI.dll
0x00007ffe36da0000 - 0x00007ffe36db7000 	C:\WINDOWS\SYSTEM32\dhcpcsvc6.DLL
0x00007ffe36d80000 - 0x00007ffe36d9d000 	C:\WINDOWS\SYSTEM32\dhcpcsvc.DLL
0x00007ffe3c8f0000 - 0x00007ffe3c9ba000 	C:\WINDOWS\SYSTEM32\DNSAPI.dll
0x00007ffe38050000 - 0x00007ffe38057000 	C:\WINDOWS\system32\wshunix.dll

dbghelp: loaded successfully - version: 4.0.5 - missing functions: none
symbol engine: initialized successfully - sym options: 0x614 - pdb path: .;C:\Program Files\Android\Android Studio\jbr\bin;C:\WINDOWS\SYSTEM32;C:\WINDOWS\WinSxS\amd64_microsoft.windows.common-controls_6595b64144ccf1df_6.0.19041.4355_none_60b8b9eb71f62e16;C:\Program Files\Android\Android Studio\jbr\bin\server;C:\Users\HP\.gradle\native\c067742578af261105cb4f569cf0c3c89f3d7b1fecec35dd04571415982c5e48\windows-amd64;C:\Users\HP\.gradle\native\38dada09dfb8b06ba9b0570ebf7e218e3eb74d4ef43ca46872605cf95ebc2f47\windows-amd64

VM Arguments:
jvm_args: --add-opens=java.base/java.util=ALL-UNNAMED --add-opens=java.base/java.lang=ALL-UNNAMED --add-opens=java.base/java.lang.invoke=ALL-UNNAMED --add-opens=java.prefs/java.util.prefs=ALL-UNNAMED --add-opens=java.base/java.nio.charset=ALL-UNNAMED --add-opens=java.base/java.net=ALL-UNNAMED --add-opens=java.base/java.util.concurrent.atomic=ALL-UNNAMED -Xmx2048m -Dfile.encoding=UTF-8 -Duser.country=US -Duser.language=en -Duser.variant -javaagent:C:\Users\HP\.gradle\wrapper\dists\gradle-8.4-bin\1w5dpkrfk8irigvoxmyhowfim\gradle-8.4\lib\agents\gradle-instrumentation-agent-8.4.jar 
java_command: org.gradle.launcher.daemon.bootstrap.GradleDaemon 8.4
java_class_path (initial): C:\Users\HP\.gradle\wrapper\dists\gradle-8.4-bin\1w5dpkrfk8irigvoxmyhowfim\gradle-8.4\lib\gradle-launcher-8.4.jar
Launcher Type: SUN_STANDARD

[Global flags]
     intx CICompilerCount                          = 3                                         {product} {ergonomic}
     uint ConcGCThreads                            = 1                                         {product} {ergonomic}
     uint G1ConcRefinementThreads                  = 4                                         {product} {ergonomic}
   size_t G1HeapRegionSize                         = 1048576                                   {product} {ergonomic}
    uintx GCDrainStackTargetSize                   = 64                                        {product} {ergonomic}
   size_t InitialHeapSize                          = 134217728                                 {product} {ergonomic}
   size_t MarkStackSize                            = 4194304                                   {product} {ergonomic}
   size_t MaxHeapSize                              = 2147483648                                {product} {command line}
   size_t MaxNewSize                               = 1287651328                                {product} {ergonomic}
   size_t MinHeapDeltaBytes                        = 1048576                                   {product} {ergonomic}
   size_t MinHeapSize                              = 8388608                                   {product} {ergonomic}
    uintx NonNMethodCodeHeapSize                   = 5832780                                {pd product} {ergonomic}
    uintx NonProfiledCodeHeapSize                  = 122912730                              {pd product} {ergonomic}
    uintx ProfiledCodeHeapSize                     = 122912730                              {pd product} {ergonomic}
    uintx ReservedCodeCacheSize                    = 251658240                              {pd product} {ergonomic}
     bool SegmentedCodeCache                       = true                                      {product} {ergonomic}
   size_t SoftMaxHeapSize                          = 2147483648                             {manageable} {ergonomic}
     bool UseCompressedClassPointers               = true                           {product lp64_product} {ergonomic}
     bool UseCompressedOops                        = true                           {product lp64_product} {ergonomic}
     bool UseG1GC                                  = true                                      {product} {ergonomic}
     bool UseLargePagesIndividualAllocation        = false                                  {pd product} {ergonomic}

Logging:
Log output configuration:
 #0: stdout all=warning uptime,level,tags
 #1: stderr all=off uptime,level,tags

Environment Variables:
PATH=E:\VMware\VMware Workstation\bin\;C:\Program Files\Common Files\Oracle\Java\javapath;C:\Program Files\Microsoft MPI\Bin\;C:\WINDOWS\system32;C:\WINDOWS;C:\WINDOWS\System32\Wbem;C:\WINDOWS\System32\WindowsPowerShell\v1.0\;C:\WINDOWS\System32\OpenSSH\;C:\Program Files\Microsoft SQL Server\150\Tools\Binn\;C:\Program Files (x86)\Microsoft SQL Server\160\Tools\Binn\;C:\Program Files\Microsoft SQL Server\160\Tools\Binn\;C:\Program Files\Microsoft SQL Server\Client SDK\ODBC\170\Tools\Binn\;C:\Program Files\Microsoft SQL Server\160\DTS\Binn\;C:\Program Files (x86)\Microsoft SQL Server\160\DTS\Binn\;C:\Program Files\Azure Data Studio\bin;C:\Program Files\dotnet\;E:\Git\cmd;C:\Program Files\nodejs\;C:\Users\HP\AppData\Local\Programs\Python\Python312\Scripts\;C:\Users\HP\AppData\Local\Programs\Python\Python312\;C:\Users\HP\AppData\Local\Microsoft\WindowsApps;C:\Program Files\Azure Data Studio\bin;D:\Microsoft VS Code\bin;C:\Users\HP\.dotnet\tools;C:\Program Files\JetBrains\PyCharm Community Edition 2024.2.1\bin;;C:\Users\HP\AppData\Roaming\npm
USERNAME=HP
OS=Windows_NT
PROCESSOR_IDENTIFIER=Intel64 Family 6 Model 78 Stepping 3, GenuineIntel
TMP=C:\Users\HP\AppData\Local\Temp
TEMP=C:\Users\HP\AppData\Local\Temp



Periodic native trim disabled

JNI global refs:
JNI global refs: 24, weak refs: 0

JNI global refs memory usage: 843, weak refs: 209

OOME stack traces (most recent first):
Classloader memory used:
Loader org.gradle.internal.classloader.VisitableURLClassLoader                         : 3138K
Loader bootstrap                                                                       : 2420K
Loader org.gradle.initialization.MixInLegacyTypesClassLoader                           : 702K
Loader org.gradle.internal.classloader.VisitableURLClassLoader$InstrumentingVisitableURLClassLoader: 81282B
Loader jdk.internal.loader.ClassLoaders$PlatformClassLoader                            : 64988B
Loader org.gradle.internal.classloader.VisitableURLClassLoader                         : 54423B
Loader jdk.internal.reflect.DelegatingClassLoader                                      : 34275B
Loader jdk.internal.loader.ClassLoaders$AppClassLoader                                 : 28453B
Loader org.gradle.groovy.scripts.internal.DefaultScriptCompilationHandler$ScriptClassLoader: 11096B
Loader org.codehaus.groovy.runtime.callsite.CallSiteClassLoader                        : 5997B

Classes loaded by more than one classloader:
Class org.gradle.api.GradleException                                                  : loaded 3 times (x 80B)
Class org.gradle.util.GradleVersion                                                   : loaded 2 times (x 81B)
Class org.jetbrains.plugins.gradle.model.MavenRepositoryModel                         : loaded 2 times (x 68B)
Class org.gradle.internal.classpath.ClassPath                                         : loaded 2 times (x 68B)
Class org.gradle.api.internal.classpath.DefaultModuleRegistry                         : loaded 2 times (x 84B)
Class org.gradle.internal.exceptions.NonGradleCauseExceptionsHolder                   : loaded 2 times (x 68B)
Class com.intellij.openapi.externalSystem.model.ExternalSystemException               : loaded 2 times (x 84B)
Class org.gradle.api.Action                                                           : loaded 2 times (x 68B)
Class org.jetbrains.plugins.gradle.model.ExternalProject                              : loaded 2 times (x 68B)
Class org.gradle.api.internal.DefaultClassPathProvider                                : loaded 2 times (x 74B)
Class org.gradle.internal.installation.GradleInstallation$1                           : loaded 2 times (x 73B)
Class org.gradle.internal.exceptions.DefaultMultiCauseException                       : loaded 2 times (x 89B)
Class org.gradle.internal.time.MonotonicClock                                         : loaded 2 times (x 75B)
Class org.gradle.internal.classloader.FilteringClassLoader                            : loaded 2 times (x 103B)
Class org.gradle.tooling.model.Model                                                  : loaded 2 times (x 68B)
Class org.gradle.internal.classpath.DefaultClassPath$ImmutableUniqueList$Builder      : loaded 2 times (x 73B)
Class org.gradle.internal.classloader.ClassLoaderVisitor                              : loaded 2 times (x 74B)
Class org.gradle.internal.time.DefaultCountdownTimer                                  : loaded 2 times (x 86B)
Class org.gradle.internal.service.DefaultServiceLocator                               : loaded 2 times (x 81B)
Class org.gradle.internal.service.UnknownServiceException                             : loaded 2 times (x 81B)
Class org.gradle.internal.classloader.DefaultClassLoaderFactory                       : loaded 2 times (x 80B)
Class org.gradle.internal.classloader.VisitableURLClassLoader$Spec                    : loaded 2 times (x 72B)
Class org.gradle.tooling.model.ProjectModel                                           : loaded 2 times (x 68B)
Class org.gradle.internal.installation.GradleInstallation                             : loaded 2 times (x 73B)
Class org.gradle.api.internal.classpath.ModuleRegistry                                : loaded 2 times (x 68B)
Class org.jetbrains.plugins.gradle.model.RepositoriesModel                            : loaded 2 times (x 68B)
Class kotlin.jvm.internal.markers.KMappedMarker                                       : loaded 2 times (x 68B)
Class org.gradle.api.internal.ClassPathProvider                                       : loaded 2 times (x 68B)
Class org.gradle.internal.classloader.ClasspathUtil$1                                 : loaded 2 times (x 74B)
Class org.gradle.internal.classloader.ClassLoaderFactory                              : loaded 2 times (x 68B)
Class org.gradle.api.internal.classpath.ManifestUtil                                  : loaded 2 times (x 69B)
Class org.gradle.api.specs.Spec                                                       : loaded 2 times (x 68B)
Class org.gradle.internal.IoActions                                                   : loaded 2 times (x 69B)
Class org.gradle.api.internal.classpath.EffectiveClassPath                            : loaded 2 times (x 88B)
Class org.gradle.internal.installation.CurrentGradleInstallation                      : loaded 2 times (x 71B)
Class org.gradle.internal.agents.InstrumentingClassLoader                             : loaded 2 times (x 68B)
Class org.gradle.internal.installation.CurrentGradleInstallationLocator               : loaded 2 times (x 69B)
Class org.gradle.api.internal.classpath.Module                                        : loaded 2 times (x 68B)
Class org.gradle.internal.service.CachingServiceLocator                               : loaded 2 times (x 80B)
Class org.gradle.internal.time.Timer                                                  : loaded 2 times (x 68B)
Class org.gradle.internal.classpath.DefaultClassPath                                  : loaded 2 times (x 88B)
Class ijInit1_583rg5s0srppob1w8gtbg54mn                                               : loaded 2 times (x 177B)
Class org.gradle.internal.time.Time                                                   : loaded 2 times (x 69B)
Class org.gradle.internal.time.TimeSource$1                                           : loaded 2 times (x 75B)
Class org.gradle.internal.classloader.SystemClassLoaderSpec                           : loaded 2 times (x 69B)
Class sync_studio_tooling7_br33rtyyf52yhbbj1juqlbp8h                                  : loaded 2 times (x 177B)
Class kotlin.Function                                                                 : loaded 2 times (x 68B)
Class org.gradle.api.UncheckedIOException                                             : loaded 2 times (x 80B)
Class org.gradle.internal.time.CountdownTimer                                         : loaded 2 times (x 68B)
Class org.gradle.internal.time.Clock                                                  : loaded 2 times (x 68B)
Class sync_studio_tooling7_br33rtyyf52yhbbj1juqlbp8h$_run_closure1                    : loaded 2 times (x 137B)
Class org.gradle.internal.classloader.ClasspathUtil                                   : loaded 2 times (x 69B)
Class org.gradle.api.internal.DefaultClassPathRegistry                                : loaded 2 times (x 74B)
Class org.gradle.api.internal.classpath.DefaultModuleRegistry$DefaultModule           : loaded 2 times (x 84B)
Class org.gradle.internal.time.TimeSource                                             : loaded 2 times (x 68B)
Class org.gradle.api.internal.classpath.UnknownModuleException                        : loaded 2 times (x 80B)
Class org.gradle.internal.service.ServiceLookupException                              : loaded 2 times (x 80B)
Class org.gradle.cache.GlobalCache                                                    : loaded 2 times (x 68B)
Class [Lorg.gradle.api.internal.ClassPathProvider;                                    : loaded 2 times (x 67B)
Class org.gradle.internal.operations.MultipleBuildOperationFailures                   : loaded 2 times (x 89B)
Class org.gradle.util.internal.GUtil                                                  : loaded 2 times (x 69B)
Class org.gradle.internal.classloader.ClassLoaderSpec                                 : loaded 2 times (x 69B)
Class org.gradle.internal.classloader.VisitableURLClassLoader                         : loaded 2 times (x 115B)
Class org.gradle.internal.Cast                                                        : loaded 2 times (x 69B)
Class org.gradle.api.internal.ClassPathRegistry                                       : loaded 2 times (x 68B)
Class org.gradle.internal.classloader.VisitableURLClassLoader$InstrumentingVisitableURLClassLoader: loaded 2 times (x 121B)
Class org.gradle.internal.classloader.ClassLoaderHierarchy                            : loaded 2 times (x 68B)
Class org.gradle.internal.exceptions.MultiCauseException                              : loaded 2 times (x 68B)
Class org.gradle.internal.InternalTransformer                                         : loaded 2 times (x 68B)
Class org.gradle.internal.service.ServiceLocator                                      : loaded 2 times (x 68B)
Class org.gradle.internal.classpath.DefaultClassPath$ImmutableUniqueList              : loaded 2 times (x 159B)
Class org.gradle.internal.time.DefaultTimer                                           : loaded 2 times (x 78B)
Class org.gradle.internal.classpath.TransformedClassPath                              : loaded 2 times (x 94B)


---------------  S Y S T E M  ---------------

OS:
 Windows 10 , 64 bit Build 19041 (10.0.19041.5072)
OS uptime: 3 days 4:05 hours

CPU: total 4 (initial active 4) (2 cores per cpu, 2 threads per core) family 6 model 78 stepping 3 microcode 0xcc, cx8, cmov, fxsr, ht, mmx, 3dnowpref, sse, sse2, sse3, ssse3, sse4.1, sse4.2, popcnt, lzcnt, tsc, tscinvbit, avx, avx2, aes, erms, clmul, bmi1, bmi2, adx, fma, vzeroupper, clflush, clflushopt
Processor Information for all 4 processors :
  Max Mhz: 2401, Current Mhz: 2200, Mhz Limit: 2184

Memory: 4k page, system-wide physical 8084M (57M free)
TotalPageFile size 12084M (AvailPageFile size 7M)
current process WorkingSet (physical memory assigned to process): 240M, peak: 252M
current process commit charge ("private bytes"): 270M, peak: 279M

vm_info: OpenJDK 64-Bit Server VM (17.0.9+0--11185874) for windows-amd64 JRE (17.0.9+0--11185874), built on Dec  6 2023 18:57:44 by "androidbuild" with MS VC++ 16.10 / 16.11 (VS2019)

END.
